🚀 Orbit Control Collector started (10000ms interval)
📊 Dashboard: https://orbit-control-three.vercel.app

[2026-02-27T17:09:03.057Z] Collecting data...
✓ sessions: 10
✓ logs: 10
✓ metrics: 4
✓ cron: 11

[2026-02-27T17:09:15.345Z] Collecting data...

[2026-02-27T17:09:25.346Z] Collecting data...
✓ sessions: 10
✓ metrics: 4
✓ sessions: 10
✓ cron: 11
✓ metrics: 4
✓ cron: 11

[2026-02-27T17:09:35.349Z] Collecting data...
✓ sessions: 10
✓ metrics: 4
✓ cron: 11

[2026-02-27T17:09:45.350Z] Collecting data...
✓ sessions: 10
✓ metrics: 4
✓ cron: 11

[2026-02-27T17:09:55.352Z] Collecting data...
✓ sessions: 10
✓ metrics: 4
✓ cron: 11

[2026-02-27T17:10:05.354Z] Collecting data...
✓ sessions: 10
✓ metrics: 4
✓ cron: 11

[2026-02-27T17:10:15.357Z] Collecting data...
✓ sessions: 10
✓ metrics: 4
✓ cron: 11

[2026-02-27T17:10:25.358Z] Collecting data...
✓ sessions: 10
✓ logs: 3
✓ metrics: 4
✓ cron: 11

[2026-02-27T17:10:35.361Z] Collecting data...
✓ sessions: 10
✓ metrics: 4
✓ cron: 11

[2026-02-27T17:10:45.364Z] Collecting data...
✓ sessions: 10
✓ metrics: 4
✓ cron: 11

[2026-02-27T17:10:55.365Z] Collecting data...
✓ sessions: 10
✓ metrics: 4
✓ cron: 11

[2026-02-27T17:11:05.367Z] Collecting data...
✓ sessions: 10
✓ metrics: 4
✓ cron: 11

[2026-02-27T17:11:15.369Z] Collecting data...
✓ sessions: 10
✓ metrics: 4
✓ cron: 11

[2026-02-27T17:11:25.371Z] Collecting data...
✓ sessions: 10
✓ metrics: 4
✓ cron: 11

[2026-02-27T17:11:35.373Z] Collecting data...
✓ sessions: 10
✓ metrics: 4
✓ cron: 11

[2026-02-27T17:11:45.376Z] Collecting data...
✓ sessions: 10
✓ metrics: 4
✓ cron: 11

[2026-02-27T17:11:55.378Z] Collecting data...
✓ sessions: 10
✓ metrics: 4
✓ cron: 11

[2026-02-27T17:12:05.379Z] Collecting data...
✓ sessions: 10
✓ metrics: 4
✓ cron: 11

[2026-02-27T17:12:15.381Z] Collecting data...
✓ sessions: 10
✓ metrics: 4
✓ cron: 11

[2026-02-27T17:12:25.383Z] Collecting data...
✓ sessions: 10
✓ metrics: 4
✓ cron: 11

[2026-02-27T17:12:35.386Z] Collecting data...
✓ sessions: 10
✓ metrics: 4
✓ cron: 11

[2026-02-27T17:12:45.388Z] Collecting data...
✓ sessions: 10
✓ metrics: 4
✓ cron: 11

[2026-02-27T17:12:55.389Z] Collecting data...
✓ sessions: 10
✓ metrics: 4
✓ cron: 11

[2026-02-27T17:13:05.392Z] Collecting data...
✓ sessions: 10
✓ metrics: 4
✓ cron: 11

[2026-02-27T17:13:15.394Z] Collecting data...
✓ sessions: 10
✓ metrics: 4
✓ cron: 11

[2026-02-27T17:13:25.396Z] Collecting data...
✓ sessions: 10
✓ metrics: 4
✓ cron: 11

[2026-02-27T17:13:35.398Z] Collecting data...
✓ sessions: 10
✓ metrics: 4
✓ cron: 11

[2026-02-27T17:13:45.400Z] Collecting data...
✓ sessions: 10
✓ metrics: 4
✓ cron: 11

[2026-02-27T17:13:55.402Z] Collecting data...
✓ sessions: 10
✓ metrics: 4
✓ cron: 11

[2026-02-27T17:14:05.404Z] Collecting data...
✓ sessions: 10
✓ metrics: 4
✓ cron: 11

[2026-02-27T17:14:15.406Z] Collecting data...
✓ sessions: 10
✓ metrics: 4
✓ cron: 11

[2026-02-27T17:14:25.408Z] Collecting data...
✓ sessions: 10
✓ metrics: 4
✓ cron: 11

[2026-02-27T17:14:35.410Z] Collecting data...
✓ sessions: 10
✓ metrics: 4
✓ cron: 11

[2026-02-27T17:14:45.413Z] Collecting data...
✓ sessions: 10
✓ metrics: 4
✓ cron: 11

[2026-02-27T17:14:55.415Z] Collecting data...
✓ sessions: 10
✓ metrics: 4
✓ cron: 11

[2026-02-27T17:15:05.416Z] Collecting data...
✓ sessions: 10
✓ metrics: 4
✓ cron: 11

[2026-02-27T17:15:15.419Z] Collecting data...
✓ sessions: 10
✓ metrics: 4
✓ cron: 11

[2026-02-27T17:15:25.421Z] Collecting data...
✓ sessions: 10
✓ metrics: 4
✓ cron: 11

[2026-02-27T17:15:35.424Z] Collecting data...
✓ sessions: 10
✓ metrics: 4
✓ cron: 11

[2026-02-27T17:15:45.425Z] Collecting data...
✓ sessions: 10
✓ metrics: 4
✓ cron: 11

[2026-02-27T17:15:55.427Z] Collecting data...
✓ sessions: 10
✓ metrics: 4
✓ cron: 11

[2026-02-27T17:16:05.429Z] Collecting data...
✓ sessions: 10
✓ metrics: 4
✓ cron: 11

[2026-02-27T17:16:15.431Z] Collecting data...
✓ sessions: 10
✓ metrics: 4
✓ cron: 11

[2026-02-27T17:16:25.433Z] Collecting data...
✓ sessions: 10
✓ metrics: 4
✓ cron: 11

[2026-02-27T17:16:35.435Z] Collecting data...
✓ sessions: 10
✓ metrics: 4
✓ cron: 11

[2026-02-27T17:16:45.437Z] Collecting data...
✓ sessions: 10
✓ metrics: 4
✓ cron: 11

[2026-02-27T17:16:55.440Z] Collecting data...
✓ sessions: 10
✓ metrics: 4
✓ cron: 11

[2026-02-27T17:17:05.441Z] Collecting data...
✓ sessions: 10
✓ metrics: 4
✓ cron: 11

[2026-02-27T17:17:15.443Z] Collecting data...
✓ sessions: 10
✓ metrics: 4
✓ cron: 11

[2026-02-27T17:17:25.445Z] Collecting data...
✓ sessions: 10
✓ logs: 4
✓ metrics: 4
✓ cron: 11

[2026-02-27T17:17:35.446Z] Collecting data...
✓ sessions: 10
✓ metrics: 4
✓ cron: 11

[2026-02-27T17:17:45.448Z] Collecting data...
✓ sessions: 10
✓ metrics: 4
✓ cron: 11

[2026-02-27T17:17:55.450Z] Collecting data...
✓ sessions: 10
✓ metrics: 4
✓ cron: 11

[2026-02-27T17:18:05.453Z] Collecting data...
✓ sessions: 10
✓ metrics: 4
✓ cron: 11

[2026-02-27T17:18:15.455Z] Collecting data...
✓ sessions: 10
✓ metrics: 4
✓ cron: 11

[2026-02-27T17:18:25.457Z] Collecting data...
✓ sessions: 10
✓ metrics: 4
✓ cron: 11

[2026-02-27T17:18:35.460Z] Collecting data...
✓ sessions: 10
✓ metrics: 4
✓ cron: 11

[2026-02-27T17:18:45.461Z] Collecting data...
✓ sessions: 10
✓ metrics: 4
✓ cron: 11

[2026-02-27T17:18:55.462Z] Collecting data...
✓ sessions: 10
✓ metrics: 4
✓ cron: 11

[2026-02-27T17:19:05.465Z] Collecting data...
✓ sessions: 10
✓ metrics: 4
✓ cron: 11

[2026-02-27T17:19:15.468Z] Collecting data...
✓ sessions: 10
✓ metrics: 4
✓ cron: 11

[2026-02-27T17:19:25.471Z] Collecting data...
✓ sessions: 10
✓ metrics: 4
✓ cron: 11

[2026-02-27T17:19:35.471Z] Collecting data...
✓ sessions: 10
✓ metrics: 4
✓ cron: 11

[2026-02-27T17:19:45.473Z] Collecting data...
✓ sessions: 10
✓ metrics: 4
✓ cron: 11

[2026-02-27T17:19:55.475Z] Collecting data...
✓ sessions: 10
✓ metrics: 4
✓ cron: 11

[2026-02-27T17:20:05.477Z] Collecting data...
✓ sessions: 10
✓ metrics: 4
✓ cron: 11

[2026-02-27T17:20:15.477Z] Collecting data...
✓ sessions: 10
✓ metrics: 4
✓ cron: 11

[2026-02-27T17:20:25.479Z] Collecting data...
✓ sessions: 10
✓ metrics: 4
✓ cron: 11

[2026-02-27T17:20:35.481Z] Collecting data...
✓ sessions: 10
✓ metrics: 4
✓ cron: 11

[2026-02-27T17:20:45.483Z] Collecting data...
✓ sessions: 10
✓ metrics: 4
✓ cron: 11

[2026-02-27T17:20:55.485Z] Collecting data...
✓ sessions: 10
✓ metrics: 4
✓ cron: 11

[2026-02-27T17:21:05.488Z] Collecting data...
✓ sessions: 10
✓ metrics: 4
✓ cron: 11

[2026-02-27T17:21:15.490Z] Collecting data...
✓ sessions: 10
✓ metrics: 4
✓ cron: 11

[2026-02-27T17:21:25.493Z] Collecting data...
✓ sessions: 10
✓ metrics: 4
✓ cron: 11

[2026-02-27T17:21:35.496Z] Collecting data...
✓ sessions: 10
✓ metrics: 4
✓ cron: 11

[2026-02-27T17:21:45.498Z] Collecting data...
✓ sessions: 10
✓ metrics: 4
✓ cron: 11

[2026-02-27T17:21:55.500Z] Collecting data...
✓ sessions: 10
✓ metrics: 4
✓ cron: 11

[2026-02-27T17:22:05.502Z] Collecting data...
✓ sessions: 10
✓ metrics: 4
✓ cron: 11

[2026-02-27T17:22:15.502Z] Collecting data...
✓ sessions: 10
✓ metrics: 4
✓ cron: 11

[2026-02-27T17:22:25.502Z] Collecting data...
✓ sessions: 10
✓ metrics: 4
✓ cron: 11

[2026-02-27T17:22:35.504Z] Collecting data...
✓ sessions: 10
✓ metrics: 4
✓ cron: 11

[2026-02-27T17:22:45.505Z] Collecting data...
✓ sessions: 10
✓ metrics: 4
✓ cron: 11

[2026-02-27T17:22:55.507Z] Collecting data...
✓ sessions: 10
✓ metrics: 4
✓ cron: 11

[2026-02-27T17:23:05.508Z] Collecting data...
✓ sessions: 10
✓ metrics: 4
✓ cron: 11

[2026-02-27T17:23:15.510Z] Collecting data...
✓ sessions: 10
✓ metrics: 4
✓ cron: 11

[2026-02-27T17:23:25.512Z] Collecting data...
✓ sessions: 10
✓ metrics: 4
✓ cron: 11

[2026-02-27T17:23:35.515Z] Collecting data...
✓ sessions: 10
✓ metrics: 4
✓ cron: 11

[2026-02-27T17:23:45.517Z] Collecting data...
✓ sessions: 10
✓ metrics: 4
✓ cron: 11

[2026-02-27T17:23:55.519Z] Collecting data...
✓ sessions: 10
✓ metrics: 4
✓ cron: 11

[2026-02-27T17:24:05.521Z] Collecting data...
✓ sessions: 10
✓ metrics: 4
✓ cron: 11

[2026-02-27T17:24:15.523Z] Collecting data...
✓ sessions: 10
✓ metrics: 4
✓ cron: 11

[2026-02-27T17:24:25.525Z] Collecting data...
✓ sessions: 10
✓ metrics: 4
✓ cron: 11

[2026-02-27T17:24:35.525Z] Collecting data...
✓ sessions: 10
✓ metrics: 4
✓ cron: 11

[2026-02-27T17:24:45.527Z] Collecting data...
✓ sessions: 10
✓ metrics: 4
✓ cron: 11

[2026-02-27T17:24:55.529Z] Collecting data...
✓ sessions: 10
✓ metrics: 4
✓ cron: 11

[2026-02-27T17:25:05.531Z] Collecting data...
✓ sessions: 10
✓ metrics: 4
✓ cron: 11

[2026-02-27T17:25:15.534Z] Collecting data...
✓ sessions: 10
✓ metrics: 4
✓ cron: 11

[2026-02-27T17:25:25.536Z] Collecting data...
✓ sessions: 10
✓ metrics: 4
✓ cron: 11

[2026-02-27T17:25:35.538Z] Collecting data...
✓ sessions: 10
✓ metrics: 4
✓ cron: 11

[2026-02-27T17:25:45.540Z] Collecting data...
✓ sessions: 10
✓ metrics: 4
✓ cron: 11

[2026-02-27T17:25:55.541Z] Collecting data...
✓ sessions: 10
✓ metrics: 4
✓ cron: 11

[2026-02-27T17:26:05.544Z] Collecting data...
✓ sessions: 10
✓ metrics: 4
✓ cron: 11

[2026-02-27T17:26:15.545Z] Collecting data...
✓ sessions: 10
✓ metrics: 4
✓ cron: 11

[2026-02-27T17:26:25.548Z] Collecting data...
✓ sessions: 10
✓ metrics: 4
✓ cron: 11

[2026-02-27T17:26:35.550Z] Collecting data...
✓ sessions: 10
✓ metrics: 4
✓ cron: 11

[2026-02-27T17:26:45.550Z] Collecting data...
✓ sessions: 10
✓ metrics: 4
✓ cron: 11

[2026-02-27T17:26:55.552Z] Collecting data...
✓ sessions: 10
✓ metrics: 4
✓ cron: 11

[2026-02-27T17:27:05.552Z] Collecting data...
✓ sessions: 10
✓ metrics: 4
✓ cron: 11

[2026-02-27T17:27:15.554Z] Collecting data...
✓ sessions: 10
✓ metrics: 4
✓ cron: 11

[2026-02-27T17:27:25.554Z] Collecting data...
✓ sessions: 10
✓ logs: 2
✓ metrics: 4
✓ cron: 11

[2026-02-27T17:27:35.556Z] Collecting data...
✓ sessions: 10
✓ metrics: 4
✓ cron: 11

[2026-02-27T17:27:45.556Z] Collecting data...
✓ sessions: 10
✓ metrics: 4
✓ cron: 11

[2026-02-27T17:27:55.557Z] Collecting data...
✓ sessions: 10
✓ metrics: 4
✓ cron: 11

[2026-02-27T17:28:05.559Z] Collecting data...
✓ sessions: 10
✓ metrics: 4
✓ cron: 11

[2026-02-27T17:28:15.560Z] Collecting data...
✓ sessions: 10
✓ metrics: 4
✓ cron: 11

[2026-02-27T17:28:25.563Z] Collecting data...
✓ sessions: 10
✓ metrics: 4
✓ cron: 11

[2026-02-27T17:28:35.565Z] Collecting data...
✓ sessions: 10
✓ metrics: 4
✓ cron: 11

[2026-02-27T17:28:45.568Z] Collecting data...
✓ sessions: 10
✓ metrics: 4
✓ cron: 11

[2026-02-27T17:28:55.569Z] Collecting data...
✓ sessions: 10
✓ metrics: 4
✓ cron: 11

[2026-02-27T17:29:05.572Z] Collecting data...
✓ sessions: 10
✓ metrics: 4
✓ cron: 11

[2026-02-27T17:29:15.574Z] Collecting data...
✓ sessions: 10
✓ metrics: 4
✓ cron: 11

[2026-02-27T17:29:25.575Z] Collecting data...
✓ sessions: 10
✓ metrics: 4
✓ cron: 11

[2026-02-27T17:29:35.578Z] Collecting data...
✓ sessions: 10
✓ metrics: 4
✓ cron: 11

[2026-02-27T17:29:45.580Z] Collecting data...
✓ sessions: 10
✓ metrics: 4
✓ cron: 11

[2026-02-27T17:29:55.582Z] Collecting data...
✓ sessions: 10
✓ metrics: 4
✓ cron: 11

[2026-02-27T17:30:05.584Z] Collecting data...
✓ sessions: 10
✓ metrics: 4
✓ cron: 11

[2026-02-27T17:30:15.586Z] Collecting data...
✓ sessions: 10
✓ metrics: 4
✓ cron: 11

[2026-02-27T17:30:25.588Z] Collecting data...
✓ sessions: 10
✓ metrics: 4
✓ cron: 11

[2026-02-27T17:30:35.588Z] Collecting data...
✓ sessions: 10
✓ metrics: 4
✓ cron: 11

[2026-02-27T17:30:45.590Z] Collecting data...
✓ sessions: 10
✓ metrics: 4
✓ cron: 11

[2026-02-27T17:30:55.593Z] Collecting data...
✓ sessions: 10
✓ metrics: 4
✓ cron: 11

[2026-02-27T17:31:05.595Z] Collecting data...
✓ sessions: 10
✓ metrics: 4
✓ cron: 11

[2026-02-27T17:31:15.597Z] Collecting data...
✓ sessions: 10
✓ metrics: 4
✓ cron: 11

[2026-02-27T17:31:25.600Z] Collecting data...
✓ sessions: 10
✓ metrics: 4
✓ cron: 11

[2026-02-27T17:31:35.600Z] Collecting data...
✓ sessions: 10
✓ metrics: 4
✓ cron: 11

[2026-02-27T17:31:45.601Z] Collecting data...
✓ sessions: 10
✓ metrics: 4
✓ cron: 11

[2026-02-27T17:31:55.603Z] Collecting data...
✓ sessions: 10
✓ metrics: 4
✓ cron: 11

[2026-02-27T17:32:05.606Z] Collecting data...
✓ sessions: 10
✓ metrics: 4
✓ cron: 11

[2026-02-27T17:32:15.608Z] Collecting data...
✓ sessions: 10
✓ metrics: 4
✓ cron: 11

[2026-02-27T17:32:25.610Z] Collecting data...
✓ sessions: 10
✓ metrics: 4
✓ cron: 11

[2026-02-27T17:32:35.612Z] Collecting data...
✓ sessions: 10
✓ metrics: 4
✓ cron: 11

[2026-02-27T17:32:45.614Z] Collecting data...
✓ sessions: 10
✓ metrics: 4
✓ cron: 11

[2026-02-27T17:32:55.617Z] Collecting data...
✓ sessions: 10
✓ metrics: 4
✓ cron: 11

[2026-02-27T17:33:05.619Z] Collecting data...
✓ sessions: 10
✓ metrics: 4
✓ cron: 11

[2026-02-27T17:33:15.620Z] Collecting data...
✓ sessions: 10
✓ metrics: 4
✓ cron: 11

[2026-02-27T17:33:25.622Z] Collecting data...
✓ sessions: 10
✓ metrics: 4
✓ cron: 11

[2026-02-27T17:33:35.624Z] Collecting data...
✓ sessions: 10
✓ metrics: 4
✓ cron: 11

[2026-02-27T17:33:45.626Z] Collecting data...
✓ sessions: 10
✓ metrics: 4
✓ cron: 11

[2026-02-27T17:33:55.628Z] Collecting data...
✓ sessions: 10
✓ metrics: 4
✓ cron: 11

[2026-02-27T17:34:05.630Z] Collecting data...
✓ sessions: 10
✓ metrics: 4
✓ cron: 11

[2026-02-27T17:34:15.632Z] Collecting data...
✓ sessions: 10
✓ metrics: 4
✓ cron: 11

[2026-02-27T17:34:25.633Z] Collecting data...
✓ sessions: 10
✓ metrics: 4
✓ cron: 11

[2026-02-27T17:34:35.635Z] Collecting data...
✓ sessions: 10
✓ metrics: 4
✓ cron: 11

[2026-02-27T17:34:45.638Z] Collecting data...
✓ sessions: 10
✓ metrics: 4
✓ cron: 11

[2026-02-27T17:34:55.640Z] Collecting data...
✓ sessions: 10
✓ metrics: 4
✓ cron: 11

[2026-02-27T17:35:05.642Z] Collecting data...
✓ sessions: 10
✓ metrics: 4
✓ cron: 11

[2026-02-27T17:35:15.644Z] Collecting data...
✓ sessions: 10
✓ metrics: 4
✓ cron: 11

[2026-02-27T17:35:25.645Z] Collecting data...
✓ sessions: 10
✓ metrics: 4
✓ cron: 11

[2026-02-27T17:35:35.647Z] Collecting data...
✓ sessions: 10
✓ metrics: 4
✓ cron: 11

[2026-02-27T17:35:45.649Z] Collecting data...
✓ sessions: 10
✓ metrics: 4
✓ cron: 11

[2026-02-27T17:35:55.650Z] Collecting data...
✓ sessions: 10
✓ metrics: 4
✓ cron: 11

[2026-02-27T17:36:05.652Z] Collecting data...
✓ sessions: 10
✓ metrics: 4
✓ cron: 11

[2026-02-27T17:36:15.652Z] Collecting data...
✓ sessions: 10
✓ metrics: 4
✓ cron: 11

[2026-02-27T17:36:25.655Z] Collecting data...
✓ sessions: 10
✓ metrics: 4
✓ cron: 11

[2026-02-27T17:36:35.657Z] Collecting data...
✓ sessions: 10
✓ metrics: 4
✓ cron: 11

[2026-02-27T17:36:45.659Z] Collecting data...
✓ sessions: 10
✓ metrics: 4
✓ cron: 6

[2026-02-27T17:36:55.661Z] Collecting data...
✓ sessions: 10
✓ metrics: 4
✓ cron: 6

[2026-02-27T17:37:05.662Z] Collecting data...
✓ sessions: 10
✓ metrics: 4
✓ cron: 6

[2026-02-27T17:37:15.663Z] Collecting data...
✓ sessions: 10
✓ metrics: 4
✓ cron: 6

[2026-02-27T17:37:25.666Z] Collecting data...
✓ sessions: 10
✓ logs: 2
✓ metrics: 4
✓ cron: 6

[2026-02-27T17:37:35.668Z] Collecting data...
✓ sessions: 10
✓ metrics: 4
✓ cron: 6

[2026-02-27T17:37:45.670Z] Collecting data...
✓ sessions: 10
✓ metrics: 4
✓ cron: 6

[2026-02-27T17:37:55.672Z] Collecting data...
✓ sessions: 10
✓ metrics: 4
✓ cron: 6

[2026-02-27T17:38:05.675Z] Collecting data...
✓ sessions: 10
✓ metrics: 4
✓ cron: 6

[2026-02-27T17:38:15.677Z] Collecting data...
✓ sessions: 10
✓ metrics: 4
✓ cron: 6

[2026-02-27T17:38:25.679Z] Collecting data...
✓ sessions: 10
✓ metrics: 4
✓ cron: 6

[2026-02-27T17:38:35.682Z] Collecting data...
✓ sessions: 10
✓ metrics: 4
✓ cron: 6

[2026-02-27T17:38:45.683Z] Collecting data...
✓ sessions: 10
✓ metrics: 4
✓ cron: 6

[2026-02-27T17:38:55.685Z] Collecting data...
✓ sessions: 10
✓ metrics: 4
✓ cron: 6

[2026-02-27T17:39:05.687Z] Collecting data...
✓ sessions: 10
✓ metrics: 4
✓ cron: 6

[2026-02-27T17:39:15.689Z] Collecting data...
✓ sessions: 10
✓ metrics: 4
✓ cron: 6

[2026-02-27T17:39:25.692Z] Collecting data...
✓ sessions: 10
✓ metrics: 4
✓ cron: 7

[2026-02-27T17:39:35.694Z] Collecting data...
✓ sessions: 10
✓ metrics: 4
✓ cron: 7

[2026-02-27T17:39:45.696Z] Collecting data...
✓ sessions: 10
✓ metrics: 4
✓ cron: 7

[2026-02-27T17:39:55.698Z] Collecting data...
✓ sessions: 10
✓ metrics: 4
✓ cron: 7

[2026-02-27T17:40:05.700Z] Collecting data...
✓ sessions: 10
✓ metrics: 4
✓ cron: 7

[2026-02-27T17:40:15.702Z] Collecting data...
✓ sessions: 10
✓ metrics: 4
✓ cron: 7

[2026-02-27T17:40:25.704Z] Collecting data...
✓ sessions: 10
✓ metrics: 4
✓ cron: 7

[2026-02-27T17:40:35.706Z] Collecting data...
✓ sessions: 10
✓ metrics: 4
✓ cron: 7

[2026-02-27T17:40:45.709Z] Collecting data...
✓ sessions: 10
✓ metrics: 4
✓ cron: 7

[2026-02-27T17:40:55.712Z] Collecting data...
✓ sessions: 10
✓ metrics: 4
✓ cron: 7

[2026-02-27T17:41:05.714Z] Collecting data...
✓ sessions: 10
✓ metrics: 4
✓ cron: 7

[2026-02-27T17:41:15.716Z] Collecting data...
✓ sessions: 10
✓ metrics: 4
✓ cron: 7

[2026-02-27T17:41:25.719Z] Collecting data...
✓ sessions: 10
✓ metrics: 4
✓ cron: 7

[2026-02-27T17:41:35.721Z] Collecting data...
✓ sessions: 10
✓ metrics: 4
✓ cron: 7

[2026-02-27T17:41:45.722Z] Collecting data...
✓ sessions: 10
✓ metrics: 4
✓ cron: 7

[2026-02-27T17:41:55.725Z] Collecting data...
✓ sessions: 10
✓ metrics: 4
✓ cron: 7

[2026-02-27T17:42:05.726Z] Collecting data...
✓ sessions: 10
✓ metrics: 4
✓ cron: 7

[2026-02-27T17:42:15.729Z] Collecting data...
✓ sessions: 10
✓ metrics: 4
✓ cron: 7

[2026-02-27T17:42:25.731Z] Collecting data...
✓ sessions: 10
✓ metrics: 4
✓ cron: 7

[2026-02-27T17:42:35.732Z] Collecting data...
✓ sessions: 10
✓ metrics: 4
✓ cron: 7

[2026-02-27T17:42:45.734Z] Collecting data...
✓ sessions: 10
✓ metrics: 4
✓ cron: 7

[2026-02-27T17:42:55.737Z] Collecting data...
✓ sessions: 10
✓ metrics: 4
✓ cron: 7

[2026-02-27T17:43:05.739Z] Collecting data...
✓ sessions: 10
✓ metrics: 4
✓ cron: 7

[2026-02-27T17:43:15.741Z] Collecting data...
✓ sessions: 10
✓ metrics: 4
✓ cron: 7

[2026-02-27T17:43:25.743Z] Collecting data...
✓ sessions: 10
✓ metrics: 4
✓ cron: 7

[2026-02-27T17:43:35.746Z] Collecting data...
✓ sessions: 10
✓ metrics: 4
✓ cron: 7

[2026-02-27T17:43:45.747Z] Collecting data...
✓ sessions: 10
✓ metrics: 4
✓ cron: 7

[2026-02-27T17:43:55.749Z] Collecting data...
✓ sessions: 10
✓ metrics: 4
✓ cron: 7

[2026-02-27T17:44:05.751Z] Collecting data...
✓ sessions: 10
✓ metrics: 4
✓ cron: 7

[2026-02-27T17:44:15.754Z] Collecting data...
✓ sessions: 10
✓ metrics: 4
✓ cron: 7

[2026-02-27T17:44:25.756Z] Collecting data...
✓ sessions: 10
✓ metrics: 4
✓ cron: 7

[2026-02-27T17:44:35.759Z] Collecting data...
✓ sessions: 10
✓ metrics: 4
✓ cron: 7

[2026-02-27T17:44:45.762Z] Collecting data...
✓ sessions: 10
✓ metrics: 4
✓ cron: 7

[2026-02-27T17:44:55.764Z] Collecting data...
✓ sessions: 10
✓ metrics: 4
✓ cron: 7

[2026-02-27T17:45:05.767Z] Collecting data...
✓ sessions: 10
✓ metrics: 4
✓ cron: 7

[2026-02-27T17:45:15.768Z] Collecting data...
✓ sessions: 10
✓ metrics: 4
✓ cron: 7

[2026-02-27T17:45:25.769Z] Collecting data...
✓ sessions: 10
✓ metrics: 4
✓ cron: 7

[2026-02-27T17:45:35.771Z] Collecting data...
✓ sessions: 10
✓ metrics: 4
✓ cron: 7

[2026-02-27T17:45:45.772Z] Collecting data...
✓ sessions: 10
✓ metrics: 4
✓ cron: 7

[2026-02-27T17:45:55.774Z] Collecting data...
✓ sessions: 10
✓ metrics: 4
✓ cron: 7

[2026-02-27T17:46:05.776Z] Collecting data...
✓ sessions: 10
✓ metrics: 4
✓ cron: 7

[2026-02-27T17:46:15.778Z] Collecting data...
✓ sessions: 10
✓ metrics: 4
✓ cron: 7

[2026-02-27T17:46:25.780Z] Collecting data...
✓ sessions: 10
✓ metrics: 4
✓ cron: 7

[2026-02-27T17:46:35.781Z] Collecting data...
✓ sessions: 10
✓ metrics: 4
✓ cron: 7

[2026-02-27T17:46:45.784Z] Collecting data...
✓ sessions: 10
✓ metrics: 4
✓ cron: 7

[2026-02-27T17:46:55.783Z] Collecting data...
✓ sessions: 10
✓ metrics: 4
✓ cron: 7

[2026-02-27T17:47:05.786Z] Collecting data...
✓ sessions: 10
✓ metrics: 4
✓ cron: 7

[2026-02-27T17:47:15.788Z] Collecting data...
✓ sessions: 10
✓ metrics: 4
✓ cron: 7

[2026-02-27T17:47:25.790Z] Collecting data...
✓ sessions: 10
✓ logs: 1
✓ metrics: 4
✓ cron: 7

[2026-02-27T17:47:35.792Z] Collecting data...
✓ sessions: 10
✓ metrics: 4
✓ cron: 7

[2026-02-27T17:47:45.793Z] Collecting data...
✓ sessions: 10
✓ metrics: 4
✓ cron: 7

[2026-02-27T17:47:55.796Z] Collecting data...
✓ sessions: 10
✓ metrics: 4
✓ cron: 7

[2026-02-27T17:48:05.798Z] Collecting data...
✓ sessions: 10
✓ metrics: 4
✓ cron: 7

[2026-02-27T17:48:15.800Z] Collecting data...
✓ sessions: 10
✓ metrics: 4
✓ cron: 7

[2026-02-27T17:48:25.802Z] Collecting data...
✓ sessions: 10
✓ metrics: 4
✓ cron: 7

[2026-02-27T17:48:35.804Z] Collecting data...
✓ sessions: 10
✓ metrics: 4
✓ cron: 7

[2026-02-27T17:48:45.807Z] Collecting data...
✓ sessions: 10
✓ metrics: 4
✓ cron: 7

[2026-02-27T17:48:55.809Z] Collecting data...
✓ sessions: 10
✓ metrics: 4
✓ cron: 7

[2026-02-27T17:49:05.811Z] Collecting data...
✓ sessions: 10
✓ metrics: 4
✓ cron: 7

[2026-02-27T17:49:15.813Z] Collecting data...
✓ sessions: 10
✓ metrics: 4
✓ cron: 7

[2026-02-27T17:49:25.815Z] Collecting data...
✓ sessions: 10
✓ metrics: 4
✓ cron: 7

[2026-02-27T17:49:35.818Z] Collecting data...
✓ sessions: 10
✓ metrics: 4
✓ cron: 7

[2026-02-27T17:49:45.819Z] Collecting data...
✓ sessions: 10
✓ logs: 1
✓ metrics: 4
✓ cron: 7

[2026-02-27T17:49:55.811Z] Collecting data...
✓ sessions: 10
✓ metrics: 4
✓ cron: 7

[2026-02-27T17:50:05.807Z] Collecting data...
✓ sessions: 10
✓ metrics: 4
✓ cron: 7

[2026-02-27T17:50:15.806Z] Collecting data...
✓ sessions: 10
✓ metrics: 4
✓ cron: 7

[2026-02-27T17:50:25.806Z] Collecting data...
✓ sessions: 10
✓ metrics: 4
✓ cron: 7

[2026-02-27T17:50:35.808Z] Collecting data...
✓ sessions: 10
✓ metrics: 4
✓ cron: 7

[2026-02-27T17:50:45.809Z] Collecting data...
✓ sessions: 10
✓ metrics: 4
✓ cron: 7

[2026-02-27T17:50:55.811Z] Collecting data...
✓ sessions: 10
✓ metrics: 4
✓ cron: 7

[2026-02-27T17:51:05.813Z] Collecting data...
✓ sessions: 10
✓ metrics: 4

[2026-02-27T17:51:15.814Z] Collecting data...

[2026-02-27T17:51:28.558Z] Collecting data...
✓ cron: 7
✓ sessions: 10
✓ sessions: 10
✓ metrics: 4
✓ metrics: 4
✓ cron: 7
✓ cron: 7

[2026-02-27T17:51:38.558Z] Collecting data...
✓ sessions: 10
✓ metrics: 4
✓ cron: 7

[2026-02-27T17:51:48.559Z] Collecting data...

[2026-02-27T17:51:58.561Z] Collecting data...
✓ sessions: 10
✓ metrics: 4
✓ sessions: 10
✓ cron: 7
✓ metrics: 4
✓ cron: 7

[2026-02-27T17:52:08.561Z] Collecting data...
✓ sessions: 10
✓ metrics: 4
✓ cron: 7

[2026-02-27T17:52:18.562Z] Collecting data...
✓ sessions: 10
✓ metrics: 4
✓ cron: 7

[2026-02-27T17:52:28.564Z] Collecting data...
✓ sessions: 10
✓ metrics: 4
✓ cron: 7

[2026-02-27T17:52:38.564Z] Collecting data...
✓ sessions: 10
✓ metrics: 4
✓ cron: 7

[2026-02-27T17:52:48.566Z] Collecting data...
✓ sessions: 10
✓ metrics: 4
✓ cron: 7

[2026-02-27T17:52:58.567Z] Collecting data...
✓ sessions: 10
✓ metrics: 4
✓ cron: 7

[2026-02-27T17:53:08.568Z] Collecting data...
✓ sessions: 10
✓ metrics: 4
✓ cron: 7

[2026-02-27T17:53:18.570Z] Collecting data...
✓ sessions: 10
✓ metrics: 4
✓ cron: 7

[2026-02-27T17:53:28.572Z] Collecting data...
✓ sessions: 10
✓ metrics: 4
✓ cron: 7

[2026-02-27T17:53:38.572Z] Collecting data...

[2026-02-27T17:53:51.647Z] Collecting data...
✓ sessions: 10
✓ logs: 1
✓ sessions: 10
✓ metrics: 4
✓ metrics: 4
✓ cron: 7

[2026-02-27T17:54:01.648Z] Collecting data...
✓ cron: 7
✓ sessions: 10
✓ metrics: 4
✓ cron: 7

[2026-02-27T17:54:11.649Z] Collecting data...
✓ sessions: 10
✓ metrics: 4
✓ cron: 7

[2026-02-27T17:54:21.649Z] Collecting data...
✓ sessions: 10
✓ metrics: 4
✓ cron: 7

[2026-02-27T17:54:31.650Z] Collecting data...
✓ sessions: 10
✓ metrics: 4
✓ cron: 7

[2026-02-27T17:54:41.651Z] Collecting data...
✓ sessions: 10
✓ metrics: 4
✓ cron: 7

[2026-02-27T17:54:51.652Z] Collecting data...
✓ sessions: 10
✓ metrics: 4
✓ cron: 7

[2026-02-27T17:55:01.653Z] Collecting data...
/bin/sh: openclaw: command not found
Failed to fetch OpenClaw data: Command failed: openclaw status --json
/bin/sh: openclaw: command not found


[2026-02-27T17:55:11.654Z] Collecting data...
/bin/sh: openclaw: command not found
Failed to fetch OpenClaw data: Command failed: openclaw status --json
/bin/sh: openclaw: command not found


[2026-02-27T17:55:21.656Z] Collecting data...
gateway connect failed: Error: device signature invalid
Error: gateway closed (1008): device signature invalid
Gateway target: ws://127.0.0.1:18789
Source: local loopback
Config: /Users/worker/.openclaw/openclaw.json
Bind: loopback
Failed to fetch OpenClaw data: Command failed: openclaw cron list --json
gateway connect failed: Error: device signature invalid
Error: gateway closed (1008): device signature invalid
Gateway target: ws://127.0.0.1:18789
Source: local loopback
Config: /Users/worker/.openclaw/openclaw.json
Bind: loopback


[2026-02-27T17:55:31.656Z] Collecting data...
gateway connect failed: Error: device signature invalid
Error: gateway closed (1008): device signature invalid
Gateway target: ws://127.0.0.1:18789
Source: local loopback
Config: /Users/worker/.openclaw/openclaw.json
Bind: loopback
Failed to fetch OpenClaw data: Command failed: openclaw cron list --json
gateway connect failed: Error: device signature invalid
Error: gateway closed (1008): device signature invalid
Gateway target: ws://127.0.0.1:18789
Source: local loopback
Config: /Users/worker/.openclaw/openclaw.json
Bind: loopback


[2026-02-27T17:55:41.658Z] Collecting data...
gateway connect failed: Error: device signature invalid
Error: gateway closed (1008): device signature invalid
Gateway target: ws://127.0.0.1:18789
Source: local loopback
Config: /Users/worker/.openclaw/openclaw.json
Bind: loopback
Failed to fetch OpenClaw data: Command failed: openclaw cron list --json
gateway connect failed: Error: device signature invalid
Error: gateway closed (1008): device signature invalid
Gateway target: ws://127.0.0.1:18789
Source: local loopback
Config: /Users/worker/.openclaw/openclaw.json
Bind: loopback


[2026-02-27T17:55:51.659Z] Collecting data...
gateway connect failed: Error: device signature invalid
Error: gateway closed (1008): device signature invalid
Gateway target: ws://127.0.0.1:18789
Source: local loopback
Config: /Users/worker/.openclaw/openclaw.json
Bind: loopback
Failed to fetch OpenClaw data: Command failed: openclaw cron list --json
gateway connect failed: Error: device signature invalid
Error: gateway closed (1008): device signature invalid
Gateway target: ws://127.0.0.1:18789
Source: local loopback
Config: /Users/worker/.openclaw/openclaw.json
Bind: loopback


[2026-02-27T17:56:01.660Z] Collecting data...
gateway connect failed: Error: device signature invalid
Error: gateway closed (1008): device signature invalid
Gateway target: ws://127.0.0.1:18789
Source: local loopback
Config: /Users/worker/.openclaw/openclaw.json
Bind: loopback
Failed to fetch OpenClaw data: Command failed: openclaw cron list --json
gateway connect failed: Error: device signature invalid
Error: gateway closed (1008): device signature invalid
Gateway target: ws://127.0.0.1:18789
Source: local loopback
Config: /Users/worker/.openclaw/openclaw.json
Bind: loopback


[2026-02-27T17:56:11.661Z] Collecting data...
gateway connect failed: Error: device signature invalid
Error: gateway closed (1008): device signature invalid
Gateway target: ws://127.0.0.1:18789
Source: local loopback
Config: /Users/worker/.openclaw/openclaw.json
Bind: loopback
Failed to fetch OpenClaw data: Command failed: openclaw cron list --json
gateway connect failed: Error: device signature invalid
Error: gateway closed (1008): device signature invalid
Gateway target: ws://127.0.0.1:18789
Source: local loopback
Config: /Users/worker/.openclaw/openclaw.json
Bind: loopback


[2026-02-27T17:56:21.662Z] Collecting data...
gateway connect failed: Error: device signature invalid
Error: gateway closed (1008): device signature invalid
Gateway target: ws://127.0.0.1:18789
Source: local loopback
Config: /Users/worker/.openclaw/openclaw.json
Bind: loopback
Failed to fetch OpenClaw data: Command failed: openclaw cron list --json
gateway connect failed: Error: device signature invalid
Error: gateway closed (1008): device signature invalid
Gateway target: ws://127.0.0.1:18789
Source: local loopback
Config: /Users/worker/.openclaw/openclaw.json
Bind: loopback


[2026-02-27T17:56:31.662Z] Collecting data...
gateway connect failed: Error: device signature invalid
Error: gateway closed (1008): device signature invalid
Gateway target: ws://127.0.0.1:18789
Source: local loopback
Config: /Users/worker/.openclaw/openclaw.json
Bind: loopback
Failed to fetch OpenClaw data: Command failed: openclaw cron list --json
gateway connect failed: Error: device signature invalid
Error: gateway closed (1008): device signature invalid
Gateway target: ws://127.0.0.1:18789
Source: local loopback
Config: /Users/worker/.openclaw/openclaw.json
Bind: loopback


[2026-02-27T17:56:41.663Z] Collecting data...
Error: gateway closed (1006 abnormal closure (no close frame)): no close reason
Gateway target: ws://127.0.0.1:18789
Source: local loopback
Config: /Users/worker/.openclaw/openclaw.json
Bind: loopback
Failed to fetch OpenClaw data: Command failed: openclaw cron list --json
Error: gateway closed (1006 abnormal closure (no close frame)): no close reason
Gateway target: ws://127.0.0.1:18789
Source: local loopback
Config: /Users/worker/.openclaw/openclaw.json
Bind: loopback


[2026-02-27T17:56:51.665Z] Collecting data...
Error: gateway closed (1006 abnormal closure (no close frame)): no close reason
Gateway target: ws://127.0.0.1:18789
Source: local loopback
Config: /Users/worker/.openclaw/openclaw.json
Bind: loopback
Failed to fetch OpenClaw data: Command failed: openclaw cron list --json
Error: gateway closed (1006 abnormal closure (no close frame)): no close reason
Gateway target: ws://127.0.0.1:18789
Source: local loopback
Config: /Users/worker/.openclaw/openclaw.json
Bind: loopback


[2026-02-27T17:57:01.665Z] Collecting data...
Error: gateway closed (1006 abnormal closure (no close frame)): no close reason
Gateway target: ws://127.0.0.1:18789
Source: local loopback
Config: /Users/worker/.openclaw/openclaw.json
Bind: loopback
Failed to fetch OpenClaw data: Command failed: openclaw cron list --json
Error: gateway closed (1006 abnormal closure (no close frame)): no close reason
Gateway target: ws://127.0.0.1:18789
Source: local loopback
Config: /Users/worker/.openclaw/openclaw.json
Bind: loopback


[2026-02-27T17:57:11.666Z] Collecting data...
Error: gateway closed (1006 abnormal closure (no close frame)): no close reason
Gateway target: ws://127.0.0.1:18789
Source: local loopback
Config: /Users/worker/.openclaw/openclaw.json
Bind: loopback
Failed to fetch OpenClaw data: Command failed: openclaw cron list --json
Error: gateway closed (1006 abnormal closure (no close frame)): no close reason
Gateway target: ws://127.0.0.1:18789
Source: local loopback
Config: /Users/worker/.openclaw/openclaw.json
Bind: loopback


[2026-02-27T17:57:21.668Z] Collecting data...
Error: gateway closed (1006 abnormal closure (no close frame)): no close reason
Gateway target: ws://127.0.0.1:18789
Source: local loopback
Config: /Users/worker/.openclaw/openclaw.json
Bind: loopback
Failed to fetch OpenClaw data: Command failed: openclaw cron list --json
Error: gateway closed (1006 abnormal closure (no close frame)): no close reason
Gateway target: ws://127.0.0.1:18789
Source: local loopback
Config: /Users/worker/.openclaw/openclaw.json
Bind: loopback


[2026-02-27T17:57:31.669Z] Collecting data...
Error: gateway closed (1006 abnormal closure (no close frame)): no close reason
Gateway target: ws://127.0.0.1:18789
Source: local loopback
Config: /Users/worker/.openclaw/openclaw.json
Bind: loopback
Failed to fetch OpenClaw data: Command failed: openclaw cron list --json
Error: gateway closed (1006 abnormal closure (no close frame)): no close reason
Gateway target: ws://127.0.0.1:18789
Source: local loopback
Config: /Users/worker/.openclaw/openclaw.json
Bind: loopback


[2026-02-27T17:57:41.670Z] Collecting data...
Error: gateway closed (1006 abnormal closure (no close frame)): no close reason
Gateway target: ws://127.0.0.1:18789
Source: local loopback
Config: /Users/worker/.openclaw/openclaw.json
Bind: loopback
Failed to fetch OpenClaw data: Command failed: openclaw cron list --json
Error: gateway closed (1006 abnormal closure (no close frame)): no close reason
Gateway target: ws://127.0.0.1:18789
Source: local loopback
Config: /Users/worker/.openclaw/openclaw.json
Bind: loopback


[2026-02-27T17:57:51.671Z] Collecting data...
Error: gateway closed (1006 abnormal closure (no close frame)): no close reason
Gateway target: ws://127.0.0.1:18789
Source: local loopback
Config: /Users/worker/.openclaw/openclaw.json
Bind: loopback
Failed to fetch OpenClaw data: Command failed: openclaw cron list --json
Error: gateway closed (1006 abnormal closure (no close frame)): no close reason
Gateway target: ws://127.0.0.1:18789
Source: local loopback
Config: /Users/worker/.openclaw/openclaw.json
Bind: loopback


[2026-02-27T17:58:01.673Z] Collecting data...
Error: gateway closed (1006 abnormal closure (no close frame)): no close reason
Gateway target: ws://127.0.0.1:18789
Source: local loopback
Config: /Users/worker/.openclaw/openclaw.json
Bind: loopback
Failed to fetch OpenClaw data: Command failed: openclaw cron list --json
Error: gateway closed (1006 abnormal closure (no close frame)): no close reason
Gateway target: ws://127.0.0.1:18789
Source: local loopback
Config: /Users/worker/.openclaw/openclaw.json
Bind: loopback


[2026-02-27T17:58:11.673Z] Collecting data...
Error: gateway closed (1006 abnormal closure (no close frame)): no close reason
Gateway target: ws://127.0.0.1:18789
Source: local loopback
Config: /Users/worker/.openclaw/openclaw.json
Bind: loopback
Failed to fetch OpenClaw data: Command failed: openclaw cron list --json
Error: gateway closed (1006 abnormal closure (no close frame)): no close reason
Gateway target: ws://127.0.0.1:18789
Source: local loopback
Config: /Users/worker/.openclaw/openclaw.json
Bind: loopback


[2026-02-27T17:58:21.675Z] Collecting data...
Error: gateway closed (1006 abnormal closure (no close frame)): no close reason
Gateway target: ws://127.0.0.1:18789
Source: local loopback
Config: /Users/worker/.openclaw/openclaw.json
Bind: loopback
Failed to fetch OpenClaw data: Command failed: openclaw cron list --json
Error: gateway closed (1006 abnormal closure (no close frame)): no close reason
Gateway target: ws://127.0.0.1:18789
Source: local loopback
Config: /Users/worker/.openclaw/openclaw.json
Bind: loopback


[2026-02-27T17:58:31.676Z] Collecting data...
Error: gateway closed (1006 abnormal closure (no close frame)): no close reason
Gateway target: ws://127.0.0.1:18789
Source: local loopback
Config: /Users/worker/.openclaw/openclaw.json
Bind: loopback
Failed to fetch OpenClaw data: Command failed: openclaw cron list --json
Error: gateway closed (1006 abnormal closure (no close frame)): no close reason
Gateway target: ws://127.0.0.1:18789
Source: local loopback
Config: /Users/worker/.openclaw/openclaw.json
Bind: loopback


[2026-02-27T17:58:41.677Z] Collecting data...
Failed to fetch OpenClaw data: Unexpected token '│', "│
◇  Docto"... is not valid JSON

[2026-02-27T17:58:51.678Z] Collecting data...
Failed to fetch OpenClaw data: Unexpected token '│', "│
◇  Docto"... is not valid JSON

[2026-02-27T17:59:01.680Z] Collecting data...
Failed to fetch OpenClaw data: Unexpected token '│', "│
◇  Docto"... is not valid JSON

[2026-02-27T17:59:11.680Z] Collecting data...
Failed to fetch OpenClaw data: Unexpected token '│', "│
◇  Docto"... is not valid JSON

[2026-02-27T17:59:21.682Z] Collecting data...
Failed to fetch OpenClaw data: Unexpected token '│', "│
◇  Docto"... is not valid JSON

[2026-02-27T17:59:31.682Z] Collecting data...
Failed to fetch OpenClaw data: Unexpected token '│', "│
◇  Docto"... is not valid JSON

[2026-02-27T17:59:41.684Z] Collecting data...
Failed to fetch OpenClaw data: Unexpected token '│', "│
◇  Docto"... is not valid JSON

[2026-02-27T17:59:51.685Z] Collecting data...
Failed to fetch OpenClaw data: Unexpected token '│', "│
◇  Docto"... is not valid JSON

[2026-02-27T18:00:01.686Z] Collecting data...
Failed to fetch OpenClaw data: Unexpected token '│', "│
◇  Docto"... is not valid JSON
🧹 Cleanup: deleted 0 logs, 0 sessions

[2026-02-27T18:00:11.686Z] Collecting data...
Failed to fetch OpenClaw data: Unexpected token '│', "│
◇  Docto"... is not valid JSON

[2026-02-27T18:00:21.687Z] Collecting data...
Failed to fetch OpenClaw data: Unexpected token '│', "│
◇  Docto"... is not valid JSON

[2026-02-27T18:00:31.689Z] Collecting data...
Failed to fetch OpenClaw data: Unexpected token '│', "│
◇  Docto"... is not valid JSON

[2026-02-27T18:00:41.690Z] Collecting data...
Failed to fetch OpenClaw data: Unexpected token '│', "│
◇  Docto"... is not valid JSON

[2026-02-27T18:00:51.691Z] Collecting data...
Failed to fetch OpenClaw data: Unexpected token '│', "│
◇  Docto"... is not valid JSON

[2026-02-27T18:01:01.691Z] Collecting data...
Failed to fetch OpenClaw data: Unexpected token '│', "│
◇  Docto"... is not valid JSON

[2026-02-27T18:01:11.692Z] Collecting data...
Failed to fetch OpenClaw data: Unexpected token '│', "│
◇  Docto"... is not valid JSON

[2026-02-27T18:01:21.693Z] Collecting data...
Failed to fetch OpenClaw data: Unexpected token '│', "│
◇  Docto"... is not valid JSON

[2026-02-27T18:01:31.694Z] Collecting data...
Failed to fetch OpenClaw data: Unexpected token '│', "│
◇  Docto"... is not valid JSON

[2026-02-27T18:01:41.696Z] Collecting data...
Failed to fetch OpenClaw data: Unexpected token '│', "│
◇  Docto"... is not valid JSON

[2026-02-27T18:01:51.696Z] Collecting data...
Failed to fetch OpenClaw data: Unexpected token '│', "│
◇  Docto"... is not valid JSON

[2026-02-27T18:02:01.698Z] Collecting data...
Failed to fetch OpenClaw data: Unexpected token '│', "│
◇  Docto"... is not valid JSON

[2026-02-27T18:02:11.699Z] Collecting data...
Failed to fetch OpenClaw data: Unexpected token '│', "│
◇  Docto"... is not valid JSON

[2026-02-27T18:02:21.700Z] Collecting data...
Failed to fetch OpenClaw data: Unexpected token '│', "│
◇  Docto"... is not valid JSON

[2026-02-27T18:02:31.700Z] Collecting data...
Failed to fetch OpenClaw data: Unexpected token '│', "│
◇  Docto"... is not valid JSON

[2026-02-27T18:02:41.701Z] Collecting data...
Failed to fetch OpenClaw data: Unexpected token '│', "│
◇  Docto"... is not valid JSON

[2026-02-27T18:02:51.702Z] Collecting data...
Failed to fetch OpenClaw data: Unexpected token '│', "│
◇  Docto"... is not valid JSON

[2026-02-27T18:03:01.704Z] Collecting data...
Failed to fetch OpenClaw data: Unexpected token '│', "│
◇  Docto"... is not valid JSON

[2026-02-27T18:03:11.705Z] Collecting data...
Failed to fetch OpenClaw data: Unexpected token '│', "│
◇  Docto"... is not valid JSON

[2026-02-27T18:03:21.707Z] Collecting data...
Failed to fetch OpenClaw data: Unexpected token '│', "│
◇  Docto"... is not valid JSON

[2026-02-27T18:03:31.708Z] Collecting data...
Failed to fetch OpenClaw data: Unexpected token '│', "│
◇  Docto"... is not valid JSON

[2026-02-27T18:03:41.709Z] Collecting data...
Failed to fetch OpenClaw data: Unexpected token '│', "│
◇  Docto"... is not valid JSON

[2026-02-27T18:03:51.710Z] Collecting data...
Failed to fetch OpenClaw data: Unexpected token '│', "│
◇  Docto"... is not valid JSON

[2026-02-27T18:04:01.711Z] Collecting data...
Failed to fetch OpenClaw data: Unexpected token '│', "│
◇  Docto"... is not valid JSON

[2026-02-27T18:04:11.712Z] Collecting data...
Failed to fetch OpenClaw data: Unexpected token '│', "│
◇  Docto"... is not valid JSON

[2026-02-27T18:04:21.714Z] Collecting data...
Failed to fetch OpenClaw data: Unexpected token '│', "│
◇  Docto"... is not valid JSON

[2026-02-27T18:04:31.716Z] Collecting data...
Failed to fetch OpenClaw data: Unexpected token '│', "│
◇  Docto"... is not valid JSON

[2026-02-27T18:04:41.718Z] Collecting data...
Failed to fetch OpenClaw data: Unexpected token '│', "│
◇  Docto"... is not valid JSON

[2026-02-27T18:04:51.721Z] Collecting data...
Failed to fetch OpenClaw data: Unexpected token '│', "│
◇  Docto"... is not valid JSON

[2026-02-27T18:05:01.722Z] Collecting data...
Failed to fetch OpenClaw data: Unexpected token '│', "│
◇  Docto"... is not valid JSON

[2026-02-27T18:05:11.724Z] Collecting data...
Failed to fetch OpenClaw data: Unexpected token '│', "│
◇  Docto"... is not valid JSON

[2026-02-27T18:05:21.726Z] Collecting data...
Failed to fetch OpenClaw data: Unexpected token '│', "│
◇  Docto"... is not valid JSON

[2026-02-27T18:05:31.728Z] Collecting data...
Failed to fetch OpenClaw data: Unexpected token '│', "│
◇  Docto"... is not valid JSON

[2026-02-27T18:05:41.731Z] Collecting data...
Failed to fetch OpenClaw data: Unexpected token '│', "│
◇  Docto"... is not valid JSON

[2026-02-27T18:05:51.733Z] Collecting data...
Failed to fetch OpenClaw data: Unexpected token '│', "│
◇  Docto"... is not valid JSON

[2026-02-27T18:06:01.736Z] Collecting data...
Failed to fetch OpenClaw data: Unexpected token '│', "│
◇  Docto"... is not valid JSON

[2026-02-27T18:06:11.737Z] Collecting data...
Failed to fetch OpenClaw data: Unexpected token '│', "│
◇  Docto"... is not valid JSON

[2026-02-27T18:06:21.738Z] Collecting data...
Failed to fetch OpenClaw data: Unexpected token '│', "│
◇  Docto"... is not valid JSON

[2026-02-27T18:06:31.740Z] Collecting data...
Failed to fetch OpenClaw data: Unexpected token '│', "│
◇  Docto"... is not valid JSON

[2026-02-27T18:06:41.742Z] Collecting data...
Failed to fetch OpenClaw data: Unexpected token '│', "│
◇  Docto"... is not valid JSON

[2026-02-27T18:06:51.744Z] Collecting data...
Failed to fetch OpenClaw data: Unexpected token '│', "│
◇  Docto"... is not valid JSON

[2026-02-27T18:07:01.746Z] Collecting data...
Failed to fetch OpenClaw data: Unexpected token '│', "│
◇  Docto"... is not valid JSON

[2026-02-27T18:07:11.748Z] Collecting data...
Failed to fetch OpenClaw data: Unexpected token '│', "│
◇  Docto"... is not valid JSON

[2026-02-27T18:07:21.750Z] Collecting data...
Failed to fetch OpenClaw data: Unexpected token '│', "│
◇  Docto"... is not valid JSON

[2026-02-27T18:07:31.752Z] Collecting data...
Failed to fetch OpenClaw data: Unexpected token '│', "│
◇  Docto"... is not valid JSON

[2026-02-27T18:07:41.755Z] Collecting data...
Failed to fetch OpenClaw data: Unexpected token '│', "│
◇  Docto"... is not valid JSON

[2026-02-27T18:07:51.756Z] Collecting data...
Failed to fetch OpenClaw data: Unexpected token '│', "│
◇  Docto"... is not valid JSON

[2026-02-27T18:08:01.759Z] Collecting data...
Failed to fetch OpenClaw data: Unexpected token '│', "│
◇  Docto"... is not valid JSON

[2026-02-27T18:08:11.761Z] Collecting data...
Failed to fetch OpenClaw data: Unexpected token '│', "│
◇  Docto"... is not valid JSON

[2026-02-27T18:08:21.764Z] Collecting data...
Failed to fetch OpenClaw data: Unexpected token '│', "│
◇  Docto"... is not valid JSON

[2026-02-27T18:08:31.766Z] Collecting data...
Failed to fetch OpenClaw data: Unexpected token '│', "│
◇  Docto"... is not valid JSON

[2026-02-27T18:08:41.767Z] Collecting data...
Failed to fetch OpenClaw data: Unexpected token '│', "│
◇  Docto"... is not valid JSON

[2026-02-27T18:08:51.769Z] Collecting data...
Failed to fetch OpenClaw data: Unexpected token '│', "│
◇  Docto"... is not valid JSON

[2026-02-27T18:09:01.771Z] Collecting data...
Failed to fetch OpenClaw data: Unexpected token '│', "│
◇  Docto"... is not valid JSON

[2026-02-27T18:09:11.773Z] Collecting data...
Failed to fetch OpenClaw data: Unexpected token '│', "│
◇  Docto"... is not valid JSON

[2026-02-27T18:09:21.774Z] Collecting data...
Failed to fetch OpenClaw data: Unexpected token '│', "│
◇  Docto"... is not valid JSON

[2026-02-27T18:09:31.777Z] Collecting data...
Failed to fetch OpenClaw data: Unexpected token '│', "│
◇  Docto"... is not valid JSON

[2026-02-27T18:09:41.779Z] Collecting data...
Failed to fetch OpenClaw data: Unexpected token '│', "│
◇  Docto"... is not valid JSON

[2026-02-27T18:09:51.781Z] Collecting data...
Failed to fetch OpenClaw data: Unexpected token '│', "│
◇  Docto"... is not valid JSON

[2026-02-27T18:10:01.783Z] Collecting data...
Failed to fetch OpenClaw data: Unexpected token '│', "│
◇  Docto"... is not valid JSON

[2026-02-27T18:10:11.785Z] Collecting data...
Failed to fetch OpenClaw data: Unexpected token '│', "│
◇  Docto"... is not valid JSON

[2026-02-27T18:10:21.787Z] Collecting data...
Failed to fetch OpenClaw data: Unexpected token '│', "│
◇  Docto"... is not valid JSON

[2026-02-27T18:10:31.789Z] Collecting data...
Failed to fetch OpenClaw data: Unexpected token '│', "│
◇  Docto"... is not valid JSON

[2026-02-27T18:10:41.791Z] Collecting data...
Failed to fetch OpenClaw data: Unexpected token '│', "│
◇  Docto"... is not valid JSON

[2026-02-27T18:10:51.794Z] Collecting data...
Failed to fetch OpenClaw data: Unexpected token '│', "│
◇  Docto"... is not valid JSON

[2026-02-27T18:11:01.795Z] Collecting data...
Failed to fetch OpenClaw data: Unexpected token '│', "│
◇  Docto"... is not valid JSON

[2026-02-27T18:11:11.797Z] Collecting data...
Failed to fetch OpenClaw data: Unexpected token '│', "│
◇  Docto"... is not valid JSON

[2026-02-27T18:11:21.800Z] Collecting data...
Failed to fetch OpenClaw data: Unexpected token '│', "│
◇  Docto"... is not valid JSON

[2026-02-27T18:11:31.801Z] Collecting data...
Failed to fetch OpenClaw data: Unexpected token '│', "│
◇  Docto"... is not valid JSON

[2026-02-27T18:11:41.803Z] Collecting data...
Failed to fetch OpenClaw data: Unexpected token '│', "│
◇  Docto"... is not valid JSON

[2026-02-27T18:11:51.805Z] Collecting data...
Failed to fetch OpenClaw data: Unexpected token '│', "│
◇  Docto"... is not valid JSON

[2026-02-27T18:12:01.807Z] Collecting data...
Failed to fetch OpenClaw data: Unexpected token '│', "│
◇  Docto"... is not valid JSON

[2026-02-27T18:12:11.809Z] Collecting data...
Failed to fetch OpenClaw data: Unexpected token '│', "│
◇  Docto"... is not valid JSON

[2026-02-27T18:12:21.811Z] Collecting data...
Failed to fetch OpenClaw data: Unexpected token '│', "│
◇  Docto"... is not valid JSON

[2026-02-27T18:12:31.813Z] Collecting data...
Failed to fetch OpenClaw data: Unexpected token '│', "│
◇  Docto"... is not valid JSON

[2026-02-27T18:12:41.815Z] Collecting data...
Failed to fetch OpenClaw data: Unexpected token '│', "│
◇  Docto"... is not valid JSON

[2026-02-27T18:12:51.817Z] Collecting data...
Failed to fetch OpenClaw data: Unexpected token '│', "│
◇  Docto"... is not valid JSON

[2026-02-27T18:13:01.819Z] Collecting data...
Failed to fetch OpenClaw data: Unexpected token '│', "│
◇  Docto"... is not valid JSON

[2026-02-27T18:13:11.821Z] Collecting data...
Failed to fetch OpenClaw data: Unexpected token '│', "│
◇  Docto"... is not valid JSON

[2026-02-27T18:13:21.823Z] Collecting data...
Failed to fetch OpenClaw data: Unexpected token '│', "│
◇  Docto"... is not valid JSON

[2026-02-27T18:13:31.826Z] Collecting data...
Failed to fetch OpenClaw data: Unexpected token '│', "│
◇  Docto"... is not valid JSON

[2026-02-27T18:13:41.828Z] Collecting data...
Failed to fetch OpenClaw data: Unexpected token '│', "│
◇  Docto"... is not valid JSON

[2026-02-27T18:13:51.830Z] Collecting data...
Failed to fetch OpenClaw data: Unexpected token '│', "│
◇  Docto"... is not valid JSON

[2026-02-27T18:14:01.832Z] Collecting data...
Failed to fetch OpenClaw data: Unexpected token '│', "│
◇  Docto"... is not valid JSON

[2026-02-27T18:14:11.834Z] Collecting data...
Failed to fetch OpenClaw data: Unexpected token '│', "│
◇  Docto"... is not valid JSON

[2026-02-27T18:14:21.836Z] Collecting data...
Failed to fetch OpenClaw data: Unexpected token '│', "│
◇  Docto"... is not valid JSON

[2026-02-27T18:14:31.838Z] Collecting data...
Failed to fetch OpenClaw data: Unexpected token '│', "│
◇  Docto"... is not valid JSON

[2026-02-27T18:14:41.840Z] Collecting data...
Failed to fetch OpenClaw data: Unexpected token '│', "│
◇  Docto"... is not valid JSON

[2026-02-27T18:14:51.842Z] Collecting data...
Failed to fetch OpenClaw data: Unexpected token '│', "│
◇  Docto"... is not valid JSON

[2026-02-27T18:15:01.844Z] Collecting data...
Failed to fetch OpenClaw data: Unexpected token '│', "│
◇  Docto"... is not valid JSON

[2026-02-27T18:15:11.846Z] Collecting data...
Failed to fetch OpenClaw data: Unexpected token '│', "│
◇  Docto"... is not valid JSON

[2026-02-27T18:15:21.848Z] Collecting data...
Failed to fetch OpenClaw data: Unexpected token '│', "│
◇  Docto"... is not valid JSON

[2026-02-27T18:15:31.850Z] Collecting data...
Failed to fetch OpenClaw data: Unexpected token '│', "│
◇  Docto"... is not valid JSON

[2026-02-27T18:15:41.852Z] Collecting data...
Failed to fetch OpenClaw data: Unexpected token '│', "│
◇  Docto"... is not valid JSON

[2026-02-27T18:15:51.854Z] Collecting data...
Failed to fetch OpenClaw data: Unexpected token '│', "│
◇  Docto"... is not valid JSON

[2026-02-27T18:16:01.857Z] Collecting data...
Failed to fetch OpenClaw data: Unexpected token '│', "│
◇  Docto"... is not valid JSON

[2026-02-27T18:16:11.859Z] Collecting data...
Failed to fetch OpenClaw data: Unexpected token '│', "│
◇  Docto"... is not valid JSON

[2026-02-27T18:16:21.861Z] Collecting data...
Failed to fetch OpenClaw data: Unexpected token '│', "│
◇  Docto"... is not valid JSON

[2026-02-27T18:16:31.863Z] Collecting data...
Failed to fetch OpenClaw data: Unexpected token '│', "│
◇  Docto"... is not valid JSON

[2026-02-27T18:16:41.865Z] Collecting data...
Failed to fetch OpenClaw data: Unexpected token '│', "│
◇  Docto"... is not valid JSON

[2026-02-27T18:16:51.867Z] Collecting data...
Failed to fetch OpenClaw data: Unexpected token '│', "│
◇  Docto"... is not valid JSON

[2026-02-27T18:17:01.869Z] Collecting data...
Failed to fetch OpenClaw data: Unexpected token '│', "│
◇  Docto"... is not valid JSON

[2026-02-27T18:17:11.871Z] Collecting data...
Failed to fetch OpenClaw data: Unexpected token '│', "│
◇  Docto"... is not valid JSON

[2026-02-27T18:17:21.875Z] Collecting data...
Failed to fetch OpenClaw data: Unexpected token '│', "│
◇  Docto"... is not valid JSON

[2026-02-27T18:17:31.893Z] Collecting data...
Failed to fetch OpenClaw data: Unexpected token '│', "│
◇  Docto"... is not valid JSON

[2026-02-27T18:17:41.902Z] Collecting data...
Failed to fetch OpenClaw data: Unexpected token '│', "│
◇  Docto"... is not valid JSON

[2026-02-27T18:17:51.908Z] Collecting data...
Error: gateway closed (1006 abnormal closure (no close frame)): no close reason
Gateway target: ws://127.0.0.1:18789
Source: local loopback
Config: /Users/worker/.openclaw/openclaw.json
Bind: loopback
Failed to fetch OpenClaw data: Command failed: openclaw cron list --json
Error: gateway closed (1006 abnormal closure (no close frame)): no close reason
Gateway target: ws://127.0.0.1:18789
Source: local loopback
Config: /Users/worker/.openclaw/openclaw.json
Bind: loopback


[2026-02-27T18:18:01.911Z] Collecting data...
Error: gateway closed (1006 abnormal closure (no close frame)): no close reason
Gateway target: ws://127.0.0.1:18789
Source: local loopback
Config: /Users/worker/.openclaw/openclaw.json
Bind: loopback
Failed to fetch OpenClaw data: Command failed: openclaw cron list --json
Error: gateway closed (1006 abnormal closure (no close frame)): no close reason
Gateway target: ws://127.0.0.1:18789
Source: local loopback
Config: /Users/worker/.openclaw/openclaw.json
Bind: loopback


[2026-02-27T18:18:11.913Z] Collecting data...
Error: gateway closed (1006 abnormal closure (no close frame)): no close reason
Gateway target: ws://127.0.0.1:18789
Source: local loopback
Config: /Users/worker/.openclaw/openclaw.json
Bind: loopback
Failed to fetch OpenClaw data: Command failed: openclaw cron list --json
Error: gateway closed (1006 abnormal closure (no close frame)): no close reason
Gateway target: ws://127.0.0.1:18789
Source: local loopback
Config: /Users/worker/.openclaw/openclaw.json
Bind: loopback


[2026-02-27T18:18:21.915Z] Collecting data...
Error: gateway closed (1006 abnormal closure (no close frame)): no close reason
Gateway target: ws://127.0.0.1:18789
Source: local loopback
Config: /Users/worker/.openclaw/openclaw.json
Bind: loopback
Failed to fetch OpenClaw data: Command failed: openclaw cron list --json
Error: gateway closed (1006 abnormal closure (no close frame)): no close reason
Gateway target: ws://127.0.0.1:18789
Source: local loopback
Config: /Users/worker/.openclaw/openclaw.json
Bind: loopback


[2026-02-27T18:18:31.916Z] Collecting data...
Error: gateway closed (1006 abnormal closure (no close frame)): no close reason
Gateway target: ws://127.0.0.1:18789
Source: local loopback
Config: /Users/worker/.openclaw/openclaw.json
Bind: loopback
Failed to fetch OpenClaw data: Command failed: openclaw cron list --json
Error: gateway closed (1006 abnormal closure (no close frame)): no close reason
Gateway target: ws://127.0.0.1:18789
Source: local loopback
Config: /Users/worker/.openclaw/openclaw.json
Bind: loopback


[2026-02-27T18:18:41.917Z] Collecting data...
Error: gateway closed (1006 abnormal closure (no close frame)): no close reason
Gateway target: ws://127.0.0.1:18789
Source: local loopback
Config: /Users/worker/.openclaw/openclaw.json
Bind: loopback
Failed to fetch OpenClaw data: Command failed: openclaw cron list --json
Error: gateway closed (1006 abnormal closure (no close frame)): no close reason
Gateway target: ws://127.0.0.1:18789
Source: local loopback
Config: /Users/worker/.openclaw/openclaw.json
Bind: loopback


[2026-02-27T18:18:51.919Z] Collecting data...
✓ sessions: 10
✓ logs: 4
✓ metrics: 4
✓ cron: 7

[2026-02-27T18:19:01.921Z] Collecting data...
✓ sessions: 10
✓ logs: 1
✓ metrics: 4
✓ cron: 7

[2026-02-27T18:19:11.921Z] Collecting data...
✓ sessions: 10
✓ metrics: 4
✓ cron: 7

[2026-02-27T18:19:21.922Z] Collecting data...
✓ sessions: 10
✓ metrics: 4
✓ cron: 7

[2026-02-27T18:19:31.924Z] Collecting data...
✓ sessions: 10
✓ metrics: 4
✓ cron: 7

[2026-02-27T18:19:41.924Z] Collecting data...
✓ sessions: 10
✓ metrics: 4
✓ cron: 7

[2026-02-27T18:19:51.926Z] Collecting data...
✓ sessions: 10
✓ metrics: 4
✓ cron: 7

[2026-02-27T18:20:01.928Z] Collecting data...
✓ sessions: 10
✓ metrics: 4
✓ cron: 7

[2026-02-27T18:20:11.929Z] Collecting data...
✓ sessions: 10
✓ metrics: 4
✓ cron: 7

[2026-02-27T18:20:21.930Z] Collecting data...
✓ sessions: 10
✓ metrics: 4
✓ cron: 7

[2026-02-27T18:20:31.930Z] Collecting data...
✓ sessions: 10
✓ metrics: 4
✓ cron: 7

[2026-02-27T18:20:41.931Z] Collecting data...
✓ sessions: 10
✓ metrics: 4
✓ cron: 7

[2026-02-27T18:20:51.932Z] Collecting data...
✓ sessions: 10
✓ metrics: 4
✓ cron: 7

[2026-02-27T18:21:01.934Z] Collecting data...
✓ sessions: 10
✓ metrics: 4
✓ cron: 7

[2026-02-27T18:21:11.934Z] Collecting data...
✓ sessions: 10
✓ metrics: 4
✓ cron: 7

[2026-02-27T18:21:21.936Z] Collecting data...
✓ sessions: 10
✓ metrics: 4
✓ cron: 7

[2026-02-27T18:21:31.937Z] Collecting data...
✓ sessions: 10
✓ metrics: 4
✓ cron: 7

[2026-02-27T18:21:41.938Z] Collecting data...
✓ sessions: 10
✓ metrics: 4
✓ cron: 7

[2026-02-27T18:21:51.939Z] Collecting data...
✓ sessions: 10
✓ metrics: 4
✓ cron: 7

[2026-02-27T18:22:01.940Z] Collecting data...
✓ sessions: 10
✓ metrics: 4
✓ cron: 7

[2026-02-27T18:22:11.941Z] Collecting data...
✓ sessions: 10
✓ metrics: 4
✓ cron: 7

[2026-02-27T18:22:21.942Z] Collecting data...
✓ sessions: 10
✓ metrics: 4
✓ cron: 7

[2026-02-27T18:22:31.944Z] Collecting data...
✓ sessions: 10
✓ metrics: 4
✓ cron: 7

[2026-02-27T18:22:41.944Z] Collecting data...
✓ sessions: 10
✓ metrics: 4
✓ cron: 7

[2026-02-27T18:22:51.945Z] Collecting data...
✓ sessions: 10
✓ metrics: 4
✓ cron: 7

[2026-02-27T18:23:01.946Z] Collecting data...
✓ sessions: 10
✓ metrics: 4
✓ cron: 7

[2026-02-27T18:23:11.948Z] Collecting data...
✓ sessions: 10
✓ metrics: 4
✓ cron: 7

[2026-02-27T18:23:21.949Z] Collecting data...
✓ sessions: 10
✓ metrics: 4
✓ cron: 7

[2026-02-27T18:23:31.950Z] Collecting data...
✓ sessions: 10
✓ metrics: 4
✓ cron: 7

[2026-02-27T18:23:41.951Z] Collecting data...
✓ sessions: 10
✓ metrics: 4
✓ cron: 7

[2026-02-27T18:23:51.953Z] Collecting data...
✓ sessions: 10
✓ metrics: 4
✓ cron: 7

[2026-02-27T18:24:01.953Z] Collecting data...
✓ sessions: 10
✓ metrics: 4
✓ cron: 7

[2026-02-27T18:24:11.955Z] Collecting data...
✓ sessions: 10
✓ metrics: 4
✓ cron: 7

[2026-02-27T18:24:21.955Z] Collecting data...
✓ sessions: 10
✓ metrics: 4
✓ cron: 7

[2026-02-27T18:24:31.957Z] Collecting data...
✓ sessions: 10
✓ metrics: 4
✓ cron: 7

[2026-02-27T18:24:41.957Z] Collecting data...
✓ sessions: 10
✓ logs: 1
✓ metrics: 4
✓ cron: 7

[2026-02-27T18:24:51.958Z] Collecting data...
✓ sessions: 10
✓ metrics: 4
✓ cron: 7

[2026-02-27T18:25:01.959Z] Collecting data...
✓ sessions: 10
✓ metrics: 4
✓ cron: 7

[2026-02-27T18:25:11.961Z] Collecting data...
✓ sessions: 10
✓ metrics: 4
✓ cron: 7

[2026-02-27T18:25:21.961Z] Collecting data...
✓ sessions: 10
✓ metrics: 4
✓ cron: 7

[2026-02-27T18:25:31.962Z] Collecting data...
✓ sessions: 10
✓ metrics: 4
✓ cron: 7

[2026-02-27T18:25:41.963Z] Collecting data...
✓ sessions: 10
✓ logs: 1
✓ metrics: 4
✓ cron: 7

[2026-02-27T18:25:51.965Z] Collecting data...
✓ sessions: 10
✓ metrics: 4
✓ cron: 7

[2026-02-27T18:26:01.967Z] Collecting data...
✓ sessions: 10
✓ metrics: 4
✓ cron: 7

[2026-02-27T18:26:11.968Z] Collecting data...
✓ sessions: 10
✓ metrics: 4
✓ cron: 7

[2026-02-27T18:26:21.968Z] Collecting data...
✓ sessions: 10
✓ metrics: 4
✓ cron: 7

[2026-02-27T18:26:31.969Z] Collecting data...
✓ sessions: 10
✓ metrics: 4
✓ cron: 7

[2026-02-27T18:26:41.970Z] Collecting data...
✓ sessions: 10
✓ metrics: 4
✓ cron: 7

[2026-02-27T18:26:51.972Z] Collecting data...
✓ sessions: 10
✓ metrics: 4
✓ cron: 7

[2026-02-27T18:27:01.973Z] Collecting data...
✓ sessions: 10
✓ metrics: 4
✓ cron: 7

[2026-02-27T18:27:11.975Z] Collecting data...
✓ sessions: 10
✓ metrics: 4
✓ cron: 7

[2026-02-27T18:27:21.977Z] Collecting data...
✓ sessions: 10
✓ metrics: 4
✓ cron: 7

[2026-02-27T18:27:31.979Z] Collecting data...
✓ sessions: 10
✓ metrics: 4
✓ cron: 7

[2026-02-27T18:27:41.979Z] Collecting data...
✓ sessions: 10
✓ metrics: 4
✓ cron: 7

[2026-02-27T18:27:51.980Z] Collecting data...
✓ sessions: 10
✓ metrics: 4
✓ cron: 7

[2026-02-27T18:28:01.982Z] Collecting data...
✓ sessions: 10
✓ metrics: 4
✓ cron: 7

[2026-02-27T18:28:11.983Z] Collecting data...
✓ sessions: 10
✓ metrics: 4
✓ cron: 7

[2026-02-27T18:28:21.984Z] Collecting data...
✓ sessions: 10
✓ metrics: 4
✓ cron: 7

[2026-02-27T18:28:31.985Z] Collecting data...
✓ sessions: 10
✓ metrics: 4
✓ cron: 7

[2026-02-27T18:28:41.986Z] Collecting data...
✓ sessions: 10
✓ logs: 1
✓ metrics: 4
✓ cron: 7

[2026-02-27T18:28:51.987Z] Collecting data...
✓ sessions: 10
✓ metrics: 4
✓ cron: 7

[2026-02-27T18:29:01.988Z] Collecting data...
✓ sessions: 10
✓ metrics: 4
✓ cron: 7

[2026-02-27T18:29:11.989Z] Collecting data...
✓ sessions: 10
✓ metrics: 4
✓ cron: 7

[2026-02-27T18:29:21.990Z] Collecting data...
✓ sessions: 10
✓ metrics: 4
✓ cron: 7

[2026-02-27T18:29:31.990Z] Collecting data...
✓ sessions: 10
✓ metrics: 4
✓ cron: 7

[2026-02-27T18:29:41.991Z] Collecting data...
✓ sessions: 10
✓ metrics: 4
✓ cron: 7

[2026-02-27T18:29:51.992Z] Collecting data...
✓ sessions: 10
✓ metrics: 4
✓ cron: 7

[2026-02-27T18:30:01.993Z] Collecting data...
✓ sessions: 10
✓ metrics: 4
✓ cron: 7

[2026-02-27T18:30:11.994Z] Collecting data...
✓ sessions: 10
✓ metrics: 4
✓ cron: 7

[2026-02-27T18:30:21.996Z] Collecting data...
✓ sessions: 10
✓ metrics: 4
✓ cron: 7

[2026-02-27T18:30:31.996Z] Collecting data...
✓ sessions: 10
✓ metrics: 4
✓ cron: 7

[2026-02-27T18:30:41.998Z] Collecting data...
✓ sessions: 10
✓ logs: 1
✓ metrics: 4
✓ cron: 7

[2026-02-27T18:30:52.001Z] Collecting data...
✓ sessions: 10
✓ metrics: 4
✓ cron: 7

[2026-02-27T18:31:02.003Z] Collecting data...
✓ sessions: 10
✓ metrics: 4
✓ cron: 7

[2026-02-27T18:31:12.006Z] Collecting data...
✓ sessions: 10
✓ metrics: 4
✓ cron: 7

[2026-02-27T18:31:22.009Z] Collecting data...
✓ sessions: 10
✓ metrics: 4
✓ cron: 7

[2026-02-27T18:31:32.011Z] Collecting data...
✓ sessions: 10
✓ metrics: 4
✓ cron: 7

[2026-02-27T18:31:42.012Z] Collecting data...
✓ sessions: 10
✓ logs: 1
✓ metrics: 4
✓ cron: 7

[2026-02-27T18:31:52.014Z] Collecting data...
✓ sessions: 10
✓ metrics: 4
✓ cron: 7

[2026-02-27T18:32:02.015Z] Collecting data...
✓ sessions: 10
✓ metrics: 4
✓ cron: 7

[2026-02-27T18:32:12.017Z] Collecting data...
✓ sessions: 10
✓ metrics: 4
✓ cron: 7

[2026-02-27T18:32:22.019Z] Collecting data...
✓ sessions: 10
✓ metrics: 4
✓ cron: 7

[2026-02-27T18:32:32.020Z] Collecting data...
✓ sessions: 10
✓ metrics: 4
✓ cron: 7

[2026-02-27T18:32:42.023Z] Collecting data...
✓ sessions: 10
✓ metrics: 4
✓ cron: 7

[2026-02-27T18:32:52.025Z] Collecting data...
✓ sessions: 10
✓ metrics: 4
✓ cron: 7

[2026-02-27T18:33:02.026Z] Collecting data...
✓ sessions: 10
✓ metrics: 4
✓ cron: 7

[2026-02-27T18:33:12.028Z] Collecting data...
✓ sessions: 10
✓ metrics: 4
✓ cron: 7

[2026-02-27T18:33:22.031Z] Collecting data...
✓ sessions: 10
✓ metrics: 4
✓ cron: 7

[2026-02-27T18:33:32.033Z] Collecting data...
✓ sessions: 10
✓ metrics: 4
✓ cron: 7

[2026-02-27T18:33:42.035Z] Collecting data...
✓ sessions: 10
✓ metrics: 4
✓ cron: 7

[2026-02-27T18:33:52.037Z] Collecting data...
✓ sessions: 10
✓ metrics: 4
✓ cron: 7

[2026-02-27T18:34:02.038Z] Collecting data...
✓ sessions: 10
✓ metrics: 4
✓ cron: 7

[2026-02-27T18:34:12.039Z] Collecting data...
✓ sessions: 10
✓ metrics: 4
✓ cron: 7

[2026-02-27T18:34:22.040Z] Collecting data...
✓ sessions: 10
✓ metrics: 4
✓ cron: 7

[2026-02-27T18:34:32.042Z] Collecting data...
✓ sessions: 10
✓ metrics: 4
✓ cron: 7

[2026-02-27T18:34:42.043Z] Collecting data...
✓ sessions: 10
✓ metrics: 4
✓ cron: 7

[2026-02-27T18:34:52.046Z] Collecting data...
✓ sessions: 10
✓ metrics: 4
✓ cron: 7

[2026-02-27T18:35:02.047Z] Collecting data...
✓ sessions: 10
✓ metrics: 4
✓ cron: 7

[2026-02-27T18:35:12.050Z] Collecting data...
✓ sessions: 10
✓ metrics: 4
✓ cron: 7

[2026-02-27T18:35:22.052Z] Collecting data...
✓ sessions: 10
✓ metrics: 4
✓ cron: 7

[2026-02-27T18:35:32.054Z] Collecting data...
✓ sessions: 10
✓ metrics: 4
✓ cron: 7

[2026-02-27T18:35:42.056Z] Collecting data...
✓ sessions: 10
✓ metrics: 4
✓ cron: 7

[2026-02-27T18:35:52.057Z] Collecting data...
✓ sessions: 10
✓ metrics: 4
✓ cron: 7

[2026-02-27T18:36:02.058Z] Collecting data...
✓ sessions: 10
✓ metrics: 4
✓ cron: 7

[2026-02-27T18:36:12.061Z] Collecting data...
✓ sessions: 10
✓ metrics: 4
✓ cron: 7

[2026-02-27T18:36:22.063Z] Collecting data...
✓ sessions: 10
✓ metrics: 4
✓ cron: 7

[2026-02-27T18:36:32.065Z] Collecting data...
✓ sessions: 10
✓ metrics: 4
✓ cron: 7

[2026-02-27T18:36:42.068Z] Collecting data...
✓ sessions: 10
✓ metrics: 4
✓ cron: 7

[2026-02-27T18:36:52.070Z] Collecting data...
✓ sessions: 10
✓ metrics: 4
✓ cron: 7

[2026-02-27T18:37:02.072Z] Collecting data...
✓ sessions: 10
✓ metrics: 4
✓ cron: 7

[2026-02-27T18:37:12.074Z] Collecting data...
✓ sessions: 10
✓ metrics: 4
✓ cron: 7

[2026-02-27T18:37:22.076Z] Collecting data...
✓ sessions: 10
✓ metrics: 4
✓ cron: 7

[2026-02-27T18:37:32.078Z] Collecting data...
✓ sessions: 10
✓ metrics: 4
✓ cron: 7

[2026-02-27T18:37:42.078Z] Collecting data...
✓ sessions: 10
✓ metrics: 4
✓ cron: 7

[2026-02-27T18:37:52.081Z] Collecting data...
✓ sessions: 10
✓ metrics: 4
✓ cron: 7

[2026-02-27T18:38:02.082Z] Collecting data...
✓ sessions: 10
✓ metrics: 4
✓ cron: 7

[2026-02-27T18:38:12.085Z] Collecting data...
✓ sessions: 10
✓ metrics: 4
✓ cron: 7

[2026-02-27T18:38:22.087Z] Collecting data...
✓ sessions: 10
✓ metrics: 4
✓ cron: 7

[2026-02-27T18:38:32.090Z] Collecting data...
✓ sessions: 10
✓ metrics: 4
✓ cron: 7

[2026-02-27T18:38:42.092Z] Collecting data...
✓ sessions: 10
✓ metrics: 4
✓ cron: 7

[2026-02-27T18:38:52.094Z] Collecting data...
✓ sessions: 10
✓ logs: 1
✓ metrics: 4
✓ cron: 7

[2026-02-27T18:39:02.096Z] Collecting data...
✓ sessions: 10
✓ metrics: 4
✓ cron: 7

[2026-02-27T18:39:12.098Z] Collecting data...
✓ sessions: 10
✓ metrics: 4
✓ cron: 7

[2026-02-27T18:39:22.101Z] Collecting data...
✓ sessions: 10
✓ metrics: 4
✓ cron: 7

[2026-02-27T18:39:32.102Z] Collecting data...
✓ sessions: 10
✓ metrics: 4
✓ cron: 7

[2026-02-27T18:39:42.105Z] Collecting data...
✓ sessions: 10
✓ metrics: 4
✓ cron: 7

[2026-02-27T18:39:52.107Z] Collecting data...
✓ sessions: 10
✓ metrics: 4
✓ cron: 7

[2026-02-27T18:40:02.109Z] Collecting data...
✓ sessions: 10
✓ metrics: 4
✓ cron: 7

[2026-02-27T18:40:12.109Z] Collecting data...
✓ sessions: 10
✓ metrics: 4
✓ cron: 7

[2026-02-27T18:40:22.109Z] Collecting data...
✓ sessions: 10
✓ metrics: 4
✓ cron: 7

[2026-02-27T18:40:32.110Z] Collecting data...
✓ sessions: 10
✓ metrics: 4
✓ cron: 7

[2026-02-27T18:40:42.111Z] Collecting data...
✓ sessions: 10
✓ metrics: 4
✓ cron: 7

[2026-02-27T18:40:52.112Z] Collecting data...
✓ sessions: 10
✓ metrics: 4
✓ cron: 7

[2026-02-27T18:41:02.113Z] Collecting data...
✓ sessions: 10
✓ metrics: 4
✓ cron: 7

[2026-02-27T18:41:12.115Z] Collecting data...
✓ sessions: 10
✓ metrics: 4
✓ cron: 7

[2026-02-27T18:41:22.117Z] Collecting data...
✓ sessions: 10
✓ metrics: 4
✓ cron: 7

[2026-02-27T18:41:32.119Z] Collecting data...
✓ sessions: 10
✓ metrics: 4
✓ cron: 7

[2026-02-27T18:41:42.120Z] Collecting data...
✓ sessions: 10
✓ metrics: 4
✓ cron: 7

[2026-02-27T18:41:52.121Z] Collecting data...
✓ sessions: 10
✓ metrics: 4
✓ cron: 7

[2026-02-27T18:42:02.122Z] Collecting data...
✓ sessions: 10
✓ metrics: 4
✓ cron: 7

[2026-02-27T18:42:12.123Z] Collecting data...
✓ sessions: 10
✓ metrics: 4
✓ cron: 7

[2026-02-27T18:42:22.124Z] Collecting data...
✓ sessions: 10
✓ metrics: 4
✓ cron: 7

[2026-02-27T18:42:32.126Z] Collecting data...
✓ sessions: 10
✓ metrics: 4
✓ cron: 7

[2026-02-27T18:42:42.127Z] Collecting data...
✓ sessions: 10
✓ metrics: 4
✓ cron: 7

[2026-02-27T18:42:52.129Z] Collecting data...
✓ sessions: 10
✓ metrics: 4
✓ cron: 2

[2026-02-27T18:43:02.129Z] Collecting data...
✓ sessions: 10
✓ metrics: 4
✓ cron: 2

[2026-02-27T18:43:12.131Z] Collecting data...
✓ sessions: 10
✓ metrics: 4
✓ cron: 2

[2026-02-27T18:43:22.132Z] Collecting data...
✓ sessions: 10
✓ metrics: 4
✓ cron: 2

[2026-02-27T18:43:32.133Z] Collecting data...
✓ sessions: 10
✓ metrics: 4
✓ cron: 2

[2026-02-27T18:43:42.135Z] Collecting data...
✓ sessions: 10
✓ metrics: 4
✓ cron: 2

[2026-02-27T18:43:52.136Z] Collecting data...
✓ sessions: 10
✓ metrics: 4
✓ cron: 2

[2026-02-27T18:44:02.137Z] Collecting data...
✓ sessions: 10
✓ metrics: 4
✓ cron: 2

[2026-02-27T18:44:12.138Z] Collecting data...
Error: gateway closed (1006 abnormal closure (no close frame)): no close reason
Gateway target: ws://127.0.0.1:18789
Source: local loopback
Config: /Users/worker/.openclaw/openclaw.json
Bind: loopback
Failed to fetch OpenClaw data: Command failed: openclaw cron list --json
Error: gateway closed (1006 abnormal closure (no close frame)): no close reason
Gateway target: ws://127.0.0.1:18789
Source: local loopback
Config: /Users/worker/.openclaw/openclaw.json
Bind: loopback


[2026-02-27T18:44:22.139Z] Collecting data...
Error: gateway closed (1006 abnormal closure (no close frame)): no close reason
Gateway target: ws://127.0.0.1:18789
Source: local loopback
Config: /Users/worker/.openclaw/openclaw.json
Bind: loopback
Failed to fetch OpenClaw data: Command failed: openclaw cron list --json
Error: gateway closed (1006 abnormal closure (no close frame)): no close reason
Gateway target: ws://127.0.0.1:18789
Source: local loopback
Config: /Users/worker/.openclaw/openclaw.json
Bind: loopback


[2026-02-27T18:44:32.141Z] Collecting data...
Error: gateway closed (1006 abnormal closure (no close frame)): no close reason
Gateway target: ws://127.0.0.1:18789
Source: local loopback
Config: /Users/worker/.openclaw/openclaw.json
Bind: loopback
Failed to fetch OpenClaw data: Command failed: openclaw cron list --json
Error: gateway closed (1006 abnormal closure (no close frame)): no close reason
Gateway target: ws://127.0.0.1:18789
Source: local loopback
Config: /Users/worker/.openclaw/openclaw.json
Bind: loopback


[2026-02-27T18:44:42.142Z] Collecting data...
Error: gateway closed (1006 abnormal closure (no close frame)): no close reason
Gateway target: ws://127.0.0.1:18789
Source: local loopback
Config: /Users/worker/.openclaw/openclaw.json
Bind: loopback
Failed to fetch OpenClaw data: Command failed: openclaw cron list --json
Error: gateway closed (1006 abnormal closure (no close frame)): no close reason
Gateway target: ws://127.0.0.1:18789
Source: local loopback
Config: /Users/worker/.openclaw/openclaw.json
Bind: loopback


[2026-02-27T18:44:52.139Z] Collecting data...
Error: gateway closed (1006 abnormal closure (no close frame)): no close reason
Gateway target: ws://127.0.0.1:18789
Source: local loopback
Config: /Users/worker/.openclaw/openclaw.json
Bind: loopback
Failed to fetch OpenClaw data: Command failed: openclaw cron list --json
Error: gateway closed (1006 abnormal closure (no close frame)): no close reason
Gateway target: ws://127.0.0.1:18789
Source: local loopback
Config: /Users/worker/.openclaw/openclaw.json
Bind: loopback


[2026-02-27T18:45:02.139Z] Collecting data...
Error: gateway closed (1006 abnormal closure (no close frame)): no close reason
Gateway target: ws://127.0.0.1:18789
Source: local loopback
Config: /Users/worker/.openclaw/openclaw.json
Bind: loopback
Failed to fetch OpenClaw data: Command failed: openclaw cron list --json
Error: gateway closed (1006 abnormal closure (no close frame)): no close reason
Gateway target: ws://127.0.0.1:18789
Source: local loopback
Config: /Users/worker/.openclaw/openclaw.json
Bind: loopback


[2026-02-27T18:45:12.139Z] Collecting data...
✓ sessions: 10
✓ metrics: 4
✓ cron: 2

[2026-02-27T18:45:22.139Z] Collecting data...
✓ sessions: 10
✓ logs: 1
✓ metrics: 4
✓ cron: 2

[2026-02-27T18:45:32.140Z] Collecting data...
✓ sessions: 10
✓ metrics: 4
✓ cron: 2

[2026-02-27T18:45:42.141Z] Collecting data...
✓ sessions: 10
✓ metrics: 4
✓ cron: 2

[2026-02-27T18:45:52.141Z] Collecting data...
✓ sessions: 10
✓ metrics: 4
✓ cron: 2

[2026-02-27T18:46:02.143Z] Collecting data...
✓ sessions: 10
✓ metrics: 4
✓ cron: 2

[2026-02-27T18:46:12.144Z] Collecting data...
✓ sessions: 10
✓ metrics: 4
✓ cron: 2

[2026-02-27T18:46:22.145Z] Collecting data...
✓ sessions: 10
✓ metrics: 4
✓ cron: 2

[2026-02-27T18:46:32.146Z] Collecting data...
✓ sessions: 10
✓ metrics: 4
✓ cron: 2

[2026-02-27T18:46:42.147Z] Collecting data...
✓ sessions: 10
✓ metrics: 4
✓ cron: 2

[2026-02-27T18:46:52.148Z] Collecting data...
✓ sessions: 10
✓ metrics: 4
✓ cron: 2

[2026-02-27T18:47:02.149Z] Collecting data...
✓ sessions: 10
✓ metrics: 4
✓ cron: 2

[2026-02-27T18:47:12.151Z] Collecting data...
✓ sessions: 10
✓ metrics: 4
✓ cron: 2

[2026-02-27T18:47:22.151Z] Collecting data...
✓ sessions: 10
✓ metrics: 4
✓ cron: 2

[2026-02-27T18:47:32.153Z] Collecting data...
✓ sessions: 10
✓ metrics: 4
✓ cron: 2

[2026-02-27T18:47:42.155Z] Collecting data...
✓ sessions: 10
✓ metrics: 4
✓ cron: 2

[2026-02-27T18:47:52.156Z] Collecting data...
✓ sessions: 10
✓ metrics: 4
✓ cron: 2

[2026-02-27T18:48:02.156Z] Collecting data...
✓ sessions: 10
✓ metrics: 4
✓ cron: 2

[2026-02-27T18:48:12.157Z] Collecting data...
✓ sessions: 10
✓ metrics: 4
✓ cron: 2

[2026-02-27T18:48:22.158Z] Collecting data...
✓ sessions: 10
✓ metrics: 4
✓ cron: 2

[2026-02-27T18:48:32.159Z] Collecting data...
✓ sessions: 10
✓ metrics: 4
✓ cron: 2

[2026-02-27T18:48:42.160Z] Collecting data...
✓ sessions: 10
✓ metrics: 4
✓ cron: 2

[2026-02-27T18:48:52.161Z] Collecting data...
✓ sessions: 10
✓ metrics: 4
✓ cron: 2

[2026-02-27T18:49:02.162Z] Collecting data...
✓ sessions: 10
✓ metrics: 4
✓ cron: 2

[2026-02-27T18:49:12.163Z] Collecting data...
✓ sessions: 10
✓ metrics: 4
✓ cron: 2

[2026-02-27T18:49:22.165Z] Collecting data...
✓ sessions: 10
✓ metrics: 4
✓ cron: 2

[2026-02-27T18:49:32.165Z] Collecting data...
✓ sessions: 10
✓ metrics: 4
✓ cron: 2

[2026-02-27T18:49:42.167Z] Collecting data...
✓ sessions: 10
✓ metrics: 4
✓ cron: 2

[2026-02-27T18:49:52.169Z] Collecting data...
✓ sessions: 10
✓ metrics: 4
✓ cron: 2

[2026-02-27T18:50:02.170Z] Collecting data...
✓ sessions: 10
✓ metrics: 4
✓ cron: 2

[2026-02-27T18:50:12.172Z] Collecting data...
✓ sessions: 10
✓ metrics: 4
✓ cron: 2

[2026-02-27T18:50:22.174Z] Collecting data...
✓ sessions: 10
✓ metrics: 4
✓ cron: 2

[2026-02-27T18:50:32.176Z] Collecting data...
✓ sessions: 10
✓ metrics: 4
✓ cron: 2

[2026-02-27T18:50:42.179Z] Collecting data...
✓ sessions: 10
✓ metrics: 4
✓ cron: 2

[2026-02-27T18:50:52.182Z] Collecting data...
✓ sessions: 10
✓ metrics: 4
✓ cron: 2

[2026-02-27T18:51:02.183Z] Collecting data...
✓ sessions: 10
✓ logs: 1
✓ metrics: 4
✓ cron: 2

[2026-02-27T18:51:12.184Z] Collecting data...
✓ sessions: 10
✓ metrics: 4
✓ cron: 2

[2026-02-27T18:51:22.187Z] Collecting data...
✓ sessions: 10
✓ metrics: 4
✓ cron: 2

[2026-02-27T18:51:32.189Z] Collecting data...
✓ sessions: 10
✓ metrics: 4
✓ cron: 2

[2026-02-27T18:51:42.191Z] Collecting data...
✓ sessions: 10
✓ metrics: 4
✓ cron: 2

[2026-02-27T18:51:52.193Z] Collecting data...
✓ sessions: 10
✓ metrics: 4
✓ cron: 2

[2026-02-27T18:52:02.193Z] Collecting data...
✓ sessions: 10
✓ metrics: 4
✓ cron: 2

[2026-02-27T18:52:12.195Z] Collecting data...
✓ sessions: 10
✓ metrics: 4
✓ cron: 2

[2026-02-27T18:52:22.197Z] Collecting data...
✓ sessions: 10
✓ metrics: 4
✓ cron: 2

[2026-02-27T18:52:32.199Z] Collecting data...
✓ sessions: 10
✓ metrics: 4
✓ cron: 2

[2026-02-27T18:52:42.201Z] Collecting data...
✓ sessions: 10
✓ metrics: 4
✓ cron: 2

[2026-02-27T18:52:52.201Z] Collecting data...
✓ sessions: 10
✓ logs: 1
✓ metrics: 4
✓ cron: 2

[2026-02-27T18:53:02.202Z] Collecting data...
✓ sessions: 10
✓ metrics: 4
✓ cron: 2

[2026-02-27T18:53:12.205Z] Collecting data...
✓ sessions: 10
✓ metrics: 4
✓ cron: 2

[2026-02-27T18:53:22.207Z] Collecting data...
✓ sessions: 10
✓ logs: 1
✓ metrics: 4
✓ cron: 2

[2026-02-27T18:53:32.209Z] Collecting data...
✓ sessions: 10
✓ metrics: 4
✓ cron: 2

[2026-02-27T18:53:42.212Z] Collecting data...
✓ sessions: 10
✓ metrics: 4
✓ cron: 2

[2026-02-27T18:53:52.214Z] Collecting data...
✓ sessions: 10
✓ metrics: 4
✓ cron: 2

[2026-02-27T18:54:02.217Z] Collecting data...
✓ sessions: 10
✓ metrics: 4
✓ cron: 2

[2026-02-27T18:54:12.220Z] Collecting data...
✓ sessions: 10
✓ metrics: 4
✓ cron: 2

[2026-02-27T18:54:22.222Z] Collecting data...
✓ sessions: 10
✓ metrics: 4
✓ cron: 2

[2026-02-27T18:54:32.224Z] Collecting data...
✓ sessions: 10
✓ metrics: 4
✓ cron: 2

[2026-02-27T18:54:42.226Z] Collecting data...
✓ sessions: 10
✓ metrics: 4
✓ cron: 2

[2026-02-27T18:54:52.227Z] Collecting data...
✓ sessions: 10
✓ metrics: 4
✓ cron: 2

[2026-02-27T18:55:02.228Z] Collecting data...
✓ sessions: 10
✓ metrics: 4
✓ cron: 2

[2026-02-27T18:55:12.229Z] Collecting data...
✓ sessions: 10
✓ metrics: 4
✓ cron: 2

[2026-02-27T18:55:22.230Z] Collecting data...
✓ sessions: 10
✓ metrics: 4
✓ cron: 2

[2026-02-27T18:55:32.232Z] Collecting data...
✓ sessions: 10
✓ metrics: 4
✓ cron: 2

[2026-02-27T18:55:42.233Z] Collecting data...
✓ sessions: 10
✓ metrics: 4
✓ cron: 2

[2026-02-27T18:55:52.234Z] Collecting data...
✓ sessions: 10
✓ metrics: 4
✓ cron: 2

[2026-02-27T18:56:02.236Z] Collecting data...
✓ sessions: 10
✓ metrics: 4
✓ cron: 2

[2026-02-27T18:56:12.236Z] Collecting data...
✓ sessions: 10
✓ metrics: 4
✓ cron: 2

[2026-02-27T18:56:22.236Z] Collecting data...
✓ sessions: 10
✓ metrics: 4
✓ cron: 2

[2026-02-27T18:56:32.237Z] Collecting data...
✓ sessions: 10
✓ metrics: 4
✓ cron: 2

[2026-02-27T18:56:42.238Z] Collecting data...
✓ sessions: 10
✓ metrics: 4
✓ cron: 2

[2026-02-27T18:56:52.239Z] Collecting data...
✓ sessions: 10
✓ metrics: 4
✓ cron: 2

[2026-02-27T18:57:02.241Z] Collecting data...
✓ sessions: 10
✓ metrics: 4
✓ cron: 2

[2026-02-27T18:57:12.242Z] Collecting data...
✓ sessions: 10
✓ metrics: 4
✓ cron: 2

[2026-02-27T18:57:22.243Z] Collecting data...
✓ sessions: 10
✓ metrics: 4
✓ cron: 2

[2026-02-27T18:57:32.244Z] Collecting data...
✓ sessions: 10
✓ metrics: 4
✓ cron: 2

[2026-02-27T18:57:42.246Z] Collecting data...
✓ sessions: 10
✓ metrics: 4
✓ cron: 2

[2026-02-27T18:57:52.247Z] Collecting data...
✓ sessions: 10
✓ metrics: 4
✓ cron: 2

[2026-02-27T18:58:02.249Z] Collecting data...
✓ sessions: 10
✓ metrics: 4
✓ cron: 2

[2026-02-27T18:58:12.250Z] Collecting data...
✓ sessions: 10
✓ metrics: 4
✓ cron: 2

[2026-02-27T18:58:22.251Z] Collecting data...
✓ sessions: 10
✓ metrics: 4
✓ cron: 2

[2026-02-27T18:58:32.251Z] Collecting data...
✓ sessions: 10
✓ metrics: 4
✓ cron: 2

[2026-02-27T18:58:42.253Z] Collecting data...
✓ sessions: 10
✓ metrics: 4
✓ cron: 2

[2026-02-27T18:58:52.254Z] Collecting data...
✓ sessions: 10
✓ metrics: 4
✓ cron: 2

[2026-02-27T18:59:02.255Z] Collecting data...
✓ sessions: 10
✓ metrics: 4
✓ cron: 2

[2026-02-27T18:59:12.256Z] Collecting data...
✓ sessions: 10
✓ metrics: 4
✓ cron: 2

[2026-02-27T18:59:22.258Z] Collecting data...
✓ sessions: 10
✓ metrics: 4
✓ cron: 2

[2026-02-27T18:59:32.259Z] Collecting data...
✓ sessions: 10
✓ metrics: 4
✓ cron: 2

[2026-02-27T18:59:42.261Z] Collecting data...
✓ sessions: 10
✓ metrics: 4
✓ cron: 2

[2026-02-27T18:59:52.262Z] Collecting data...
✓ sessions: 10
✓ metrics: 4
✓ cron: 2

[2026-02-27T19:00:02.264Z] Collecting data...
✓ sessions: 10
✓ metrics: 4
✓ cron: 2
🧹 Cleanup: deleted 0 logs, 0 sessions

[2026-02-27T19:00:12.265Z] Collecting data...
✓ sessions: 10
✓ metrics: 4
✓ cron: 2

[2026-02-27T19:00:22.267Z] Collecting data...
✓ sessions: 10
✓ metrics: 4
✓ cron: 2

[2026-02-27T19:00:32.269Z] Collecting data...
✓ sessions: 10
✓ metrics: 4
✓ cron: 2

[2026-02-27T19:00:42.271Z] Collecting data...
✓ sessions: 10
✓ metrics: 4
✓ cron: 2

[2026-02-27T19:00:52.273Z] Collecting data...
✓ sessions: 10
✓ metrics: 4
✓ cron: 2

[2026-02-27T19:01:02.276Z] Collecting data...
✓ sessions: 10
✓ metrics: 4
✓ cron: 2

[2026-02-27T19:01:12.278Z] Collecting data...
✓ sessions: 10
✓ metrics: 4
✓ cron: 2

[2026-02-27T19:01:22.280Z] Collecting data...
✓ sessions: 10
✓ metrics: 4
✓ cron: 2

[2026-02-27T19:01:32.282Z] Collecting data...
✓ sessions: 10
✓ metrics: 4
✓ cron: 2

[2026-02-27T19:01:42.284Z] Collecting data...
✓ sessions: 10
✓ logs: 1
✓ metrics: 4
✓ cron: 2

[2026-02-27T19:01:52.286Z] Collecting data...
✓ sessions: 10
✓ metrics: 4
✓ cron: 2

[2026-02-27T19:02:02.288Z] Collecting data...
✓ sessions: 10
✓ metrics: 4
✓ cron: 2

[2026-02-27T19:02:12.290Z] Collecting data...
✓ sessions: 10
✓ metrics: 4
✓ cron: 2

[2026-02-27T19:02:22.292Z] Collecting data...
✓ sessions: 10
✓ metrics: 4
✓ cron: 2

[2026-02-27T19:02:32.294Z] Collecting data...
✓ sessions: 10
✓ metrics: 4
✓ cron: 2

[2026-02-27T19:02:42.296Z] Collecting data...
✓ sessions: 10
✓ metrics: 4
✓ cron: 2

[2026-02-27T19:02:52.299Z] Collecting data...
✓ sessions: 10
✓ metrics: 4
✓ cron: 2

[2026-02-27T19:03:02.301Z] Collecting data...
✓ sessions: 10
✓ metrics: 4
✓ cron: 2

[2026-02-27T19:03:12.303Z] Collecting data...
✓ sessions: 10
✓ metrics: 4
✓ cron: 2

[2026-02-27T19:03:22.305Z] Collecting data...
✓ sessions: 10
✓ metrics: 4
✓ cron: 2

[2026-02-27T19:03:32.307Z] Collecting data...
✓ sessions: 10
✓ metrics: 4
✓ cron: 2

[2026-02-27T19:03:42.309Z] Collecting data...
✓ sessions: 10
✓ metrics: 4
✓ cron: 2

[2026-02-27T19:03:52.311Z] Collecting data...
✓ sessions: 10
✓ metrics: 4
✓ cron: 2

[2026-02-27T19:04:02.313Z] Collecting data...
✓ sessions: 10
✓ metrics: 4
✓ cron: 2

[2026-02-27T19:04:12.314Z] Collecting data...
✓ sessions: 10
✓ metrics: 4
✓ cron: 2

[2026-02-27T19:04:22.316Z] Collecting data...
✓ sessions: 10
✓ metrics: 4
✓ cron: 2

[2026-02-27T19:04:32.318Z] Collecting data...
✓ sessions: 10
✓ metrics: 4
✓ cron: 2

[2026-02-27T19:04:42.320Z] Collecting data...
✓ sessions: 10
✓ metrics: 4
✓ cron: 2

[2026-02-27T19:04:52.322Z] Collecting data...
✓ sessions: 10
✓ metrics: 4
✓ cron: 2

[2026-02-27T19:05:02.325Z] Collecting data...
✓ sessions: 10
✓ metrics: 4
✓ cron: 2

[2026-02-27T19:05:12.327Z] Collecting data...
✓ sessions: 10
✓ metrics: 4
✓ cron: 2

[2026-02-27T19:05:22.329Z] Collecting data...
✓ sessions: 10
✓ metrics: 4
✓ cron: 2

[2026-02-27T19:05:32.331Z] Collecting data...
✓ sessions: 10
✓ metrics: 4
✓ cron: 2

[2026-02-27T19:05:42.333Z] Collecting data...
✓ sessions: 10
✓ metrics: 4
✓ cron: 2

[2026-02-27T19:05:52.335Z] Collecting data...
✓ sessions: 10
✓ metrics: 4
✓ cron: 2

[2026-02-27T19:06:02.337Z] Collecting data...
✓ sessions: 10
✓ metrics: 4
✓ cron: 2

[2026-02-27T19:06:12.338Z] Collecting data...
✓ sessions: 10
✓ metrics: 4
✓ cron: 2

[2026-02-27T19:06:22.341Z] Collecting data...
✓ sessions: 10
✓ metrics: 4
✓ cron: 2

[2026-02-27T19:06:32.343Z] Collecting data...
✓ sessions: 10
✓ metrics: 4
✓ cron: 2

[2026-02-27T19:06:42.345Z] Collecting data...
✓ sessions: 10
✓ metrics: 4
✓ cron: 2

[2026-02-27T19:06:52.347Z] Collecting data...
✓ sessions: 10
✓ metrics: 4
✓ cron: 2

[2026-02-27T19:07:02.348Z] Collecting data...
✓ sessions: 10
✓ metrics: 4
✓ cron: 2

[2026-02-27T19:07:12.348Z] Collecting data...
✓ sessions: 10
✓ metrics: 4
✓ cron: 2

[2026-02-27T19:07:22.350Z] Collecting data...
✓ sessions: 10
✓ metrics: 4
✓ cron: 2

[2026-02-27T19:07:32.352Z] Collecting data...
✓ sessions: 10
✓ metrics: 4
✓ cron: 2

[2026-02-27T19:07:42.354Z] Collecting data...
✓ sessions: 10
✓ metrics: 4
✓ cron: 2

[2026-02-27T19:07:52.356Z] Collecting data...
✓ sessions: 10
✓ metrics: 4
✓ cron: 2

[2026-02-27T19:08:02.358Z] Collecting data...
✓ sessions: 10
✓ metrics: 4
✓ cron: 2

[2026-02-27T19:08:12.361Z] Collecting data...
✓ sessions: 10
✓ metrics: 4
✓ cron: 2

[2026-02-27T19:08:22.363Z] Collecting data...
✓ sessions: 10
✓ metrics: 4
✓ cron: 2

[2026-02-27T19:08:32.365Z] Collecting data...
✓ sessions: 10
✓ metrics: 4
✓ cron: 2

[2026-02-27T19:08:42.368Z] Collecting data...
✓ sessions: 10
✓ logs: 1
✓ metrics: 4
✓ cron: 2

[2026-02-27T19:08:52.370Z] Collecting data...
✓ sessions: 10
✓ metrics: 4
✓ cron: 2

[2026-02-27T19:09:02.372Z] Collecting data...
✓ sessions: 10
✓ metrics: 4
✓ cron: 2

[2026-02-27T19:09:12.373Z] Collecting data...
✓ sessions: 10
✓ metrics: 4
✓ cron: 2

[2026-02-27T19:09:22.376Z] Collecting data...
✓ sessions: 10
✓ metrics: 4
✓ cron: 2

[2026-02-27T19:09:32.378Z] Collecting data...
✓ sessions: 10
✓ metrics: 4
✓ cron: 2

[2026-02-27T19:09:42.380Z] Collecting data...
✓ sessions: 10
✓ metrics: 4
✓ cron: 2

[2026-02-27T19:09:52.382Z] Collecting data...
✓ sessions: 10
✓ metrics: 4
✓ cron: 2

[2026-02-27T19:10:02.384Z] Collecting data...
✓ sessions: 10
✓ metrics: 4
✓ cron: 2

[2026-02-27T19:10:12.387Z] Collecting data...
✓ sessions: 10
✓ metrics: 4
✓ cron: 2

[2026-02-27T19:10:22.388Z] Collecting data...
✓ sessions: 10
✓ metrics: 4
✓ cron: 2

[2026-02-27T19:10:32.390Z] Collecting data...
✓ sessions: 10
✓ metrics: 4
✓ cron: 2

[2026-02-27T19:10:42.392Z] Collecting data...
✓ sessions: 10
✓ metrics: 4
✓ cron: 2

[2026-02-27T19:10:52.393Z] Collecting data...
✓ sessions: 10
✓ metrics: 4
✓ cron: 2

[2026-02-27T19:11:02.396Z] Collecting data...
✓ sessions: 10
✓ metrics: 4
✓ cron: 2

[2026-02-27T19:11:12.398Z] Collecting data...
✓ sessions: 10
✓ metrics: 4
✓ cron: 2

[2026-02-27T19:11:22.400Z] Collecting data...
✓ sessions: 10
✓ metrics: 4
✓ cron: 2

[2026-02-27T19:11:32.401Z] Collecting data...
✓ sessions: 10
✓ metrics: 4
✓ cron: 2

[2026-02-27T19:11:42.403Z] Collecting data...
✓ sessions: 10
✓ metrics: 4
✓ cron: 2

[2026-02-27T19:11:52.405Z] Collecting data...
✓ sessions: 10
✓ metrics: 4
✓ cron: 2

[2026-02-27T19:12:02.408Z] Collecting data...
✓ sessions: 10
✓ metrics: 4
✓ cron: 2

[2026-02-27T19:12:12.411Z] Collecting data...
✓ sessions: 10
✓ metrics: 4
✓ cron: 2

[2026-02-27T19:12:22.413Z] Collecting data...
✓ sessions: 10
✓ metrics: 4
✓ cron: 2

[2026-02-27T19:12:32.418Z] Collecting data...
✓ sessions: 10
✓ metrics: 4
✓ cron: 2

[2026-02-27T19:12:42.423Z] Collecting data...
✓ sessions: 10
✓ metrics: 4
✓ cron: 2

[2026-02-27T19:12:52.425Z] Collecting data...
✓ sessions: 10
✓ metrics: 4
✓ cron: 2

[2026-02-27T19:13:02.427Z] Collecting data...
✓ sessions: 10
✓ metrics: 4
✓ cron: 2

[2026-02-27T19:13:12.430Z] Collecting data...
✓ sessions: 10
✓ metrics: 4
✓ cron: 2

[2026-02-27T19:13:22.433Z] Collecting data...
✓ sessions: 10
✓ metrics: 4
✓ cron: 2

[2026-02-27T19:13:32.436Z] Collecting data...
✓ sessions: 10
✓ metrics: 4
✓ cron: 2

[2026-02-27T19:13:42.438Z] Collecting data...
✓ sessions: 10
✓ metrics: 4
✓ cron: 2

[2026-02-27T19:13:52.440Z] Collecting data...
✓ sessions: 10
✓ metrics: 4
✓ cron: 2

[2026-02-27T19:14:02.442Z] Collecting data...
✓ sessions: 10
✓ metrics: 4
✓ cron: 2

[2026-02-27T19:14:12.444Z] Collecting data...
✓ sessions: 10
✓ metrics: 4
✓ cron: 2

[2026-02-27T19:14:22.445Z] Collecting data...
✓ sessions: 10
✓ metrics: 4
✓ cron: 2

[2026-02-27T19:14:32.447Z] Collecting data...
✓ sessions: 10
✓ metrics: 4
✓ cron: 2

[2026-02-27T19:14:42.449Z] Collecting data...
✓ sessions: 10
✓ metrics: 4
✓ cron: 2

[2026-02-27T19:14:52.451Z] Collecting data...
✓ sessions: 10
✓ metrics: 4
✓ cron: 2

[2026-02-27T19:15:02.453Z] Collecting data...
✓ sessions: 10
✓ metrics: 4
✓ cron: 2

[2026-02-27T19:15:12.455Z] Collecting data...
✓ sessions: 10
✓ metrics: 4
✓ cron: 2

[2026-02-27T19:15:22.457Z] Collecting data...
✓ sessions: 10
✓ metrics: 4
✓ cron: 2
